#
# A fatal error has been detected by the Java Runtime Environment:
#
#  SIGSEGV (0xb) at pc=0x00007f9c63daa9a8, pid=22983, tid=0x00007f9bf9b26700
#
# JRE version: Java(TM) SE Runtime Environment (8.0_151-b12) (build 1.8.0_151-b12)
# Java VM: Java HotSpot(TM) 64-Bit Server VM (25.151-b12 mixed mode linux-amd64 compressed oops)
# Problematic frame:
# V  [libjvm.so+0x6d59a8]  jni_invoke_nonstatic(JNIEnv_*, JavaValue*, _jobject*, JNICallType, _jmethodID*, JNI_ArgumentPusher*, Thread*)+0x38
#
# Failed to write core dump. Core dumps have been disabled. To enable core dumping, try "ulimit -c unlimited" before starting Java again
#
# If you would like to submit a bug report, please visit:
#   http://bugreport.java.com/bugreport/crash.jsp
#

---------------  T H R E A D  ---------------

Current thread (0x00007f9c5c3af000):  JavaThread "JavaFX Application Thread" [_thread_in_vm, id=23017, stack(0x00007f9bf9a26000,0x00007f9bf9b27000)]

siginfo: si_signo: 11 (SIGSEGV), si_code: 128 (SI_KERNEL), si_addr: 0x0000000000000000

Registers:
RAX=0x00007f9bf9b25140, RBX=0x00007f9bf9b25050, RCX=0x0000000000000001, RDX=0xe818e9b0e818eeb0
RSP=0x00007f9bf9b24ea0, RBP=0x00007f9bf9b25020, RSI=0x00007f9bf9b250b0, RDI=0x00007f9c5c3af1f8
R8 =0x00007f9c5c2fac48, R9 =0x00007f9bf9b25050, R10=0x00007f9be8000c40, R11=0x00007f9c4d7d7880
R12=0x00007f9c5c3af000, R13=0x00007f9c5c2fac48, R14=0x0000000000000001, R15=0x00007f9c5c3af1f8
RIP=0x00007f9c63daa9a8, EFLAGS=0x0000000000010282, CSGSFS=0x002b000000000033, ERR=0x0000000000000000
  TRAPNO=0x000000000000000d

Top of Stack: (sp=0x00007f9bf9b24ea0)
0x00007f9bf9b24ea0:   00007f9bf9b255a0 00007f9bf9b251c0
0x00007f9bf9b24eb0:   00007f9bf9b24f00 00007f9bf9b24f80
0x00007f9bf9b24ec0:   00007f9bf9b25050 00007f9bf9b250b0
0x00007f9bf9b24ed0:   00007f9c5c3af1f8 00007f9c63dca4b0
0x00007f9bf9b24ee0:   00007f9c10183a10 00007f9c10183a20
0x00007f9bf9b24ef0:   00007f9c10183df8 00000000000003d8
0x00007f9bf9b24f00:   0000000000000000 00000000d90ab7d0
0x00007f9bf9b24f10:   00007f9c0000006f 00007f9c0000000a
0x00007f9bf9b24f20:   00000000d73bec00 0000000000000000
0x00007f9bf9b24f30:   0000000000000000 0000000000000000
0x00007f9bf9b24f40:   00007f9c60c06830 0000000100000100
0x00007f9bf9b24f50:   0000000000000000 00007f9bf9b24f08
0x00007f9bf9b24f60:   00007f9bf9b24f49 0000000800000005
0x00007f9bf9b24f70:   0000000000000000 00007f9c5c3aedd0
0x00007f9bf9b24f80:   00007f9c6463a730 00007f9c6514f720
0x00007f9bf9b24f90:   000000005c3aec60 00007f9c5c3af000
0x00007f9bf9b24fa0:   0000000000000000 00007f9c63daad7b
0x00007f9bf9b24fb0:   00007f9c60c108e0 00007f9c5c3af000
0x00007f9bf9b24fc0:   00007f9c60c108e0 00007f9c5c3af000
0x00007f9bf9b24fd0:   00007f9bf9b25160 00007f9c60c108e0
0x00007f9bf9b24fe0:   00007f9c60c108e0 00007f9c60c108e0
0x00007f9bf9b24ff0:   00007f9c10183a10 00007f9bf9b25050
0x00007f9bf9b25000:   00007f9c5c3af000 00007f9bf9b25090
0x00007f9bf9b25010:   00007f9c5c2fac48 00007f9c5c3af1f8
0x00007f9bf9b25020:   00007f9bf9b25110 00007f9c63daf14f
0x00007f9bf9b25030:   00007f9c5c3af000 00007f9c0f486094
0x00007f9bf9b25040:   00007f9bf9b25128 e818e9b0e818eeb0
0x00007f9bf9b25050:   00007f9c6463b390 00007f9c6514f720
0x00007f9bf9b25060:   00000000f9b250d0 63d9522700000063
0x00007f9bf9b25070:   0000000000000000 0000003000000018
0x00007f9bf9b25080:   00007f9bf9b25200 00007f9bf9b25140
0x00007f9bf9b25090:   00007f9c5c3af000 0000000000000000 

Instructions: (pc=0x00007f9c63daa9a8)
0x00007f9c63daa988:   00 00 48 85 d2 48 89 bd b0 fe ff ff 48 89 b5 a8
0x00007f9c63daa998:   fe ff ff 4c 89 8d a0 fe ff ff 0f 84 78 09 00 00
0x00007f9c63daa9a8:   4c 8b 22 4d 85 e4 0f 84 6c 09 00 00 48 8b 45 10
0x00007f9c63daa9b8:   48 8b 98 38 01 00 00 48 83 7b 18 f7 0f 87 16 07 

Register to memory mapping:

RAX=0x00007f9bf9b25140 is pointing into the stack for thread: 0x00007f9c5c3af000
RBX=0x00007f9bf9b25050 is pointing into the stack for thread: 0x00007f9c5c3af000
RCX=0x0000000000000001 is an unknown value
RDX=0xe818e9b0e818eeb0 is an unknown value
RSP=0x00007f9bf9b24ea0 is pointing into the stack for thread: 0x00007f9c5c3af000
RBP=0x00007f9bf9b25020 is pointing into the stack for thread: 0x00007f9c5c3af000
RSI=0x00007f9bf9b250b0 is pointing into the stack for thread: 0x00007f9c5c3af000
RDI=0x00007f9c5c3af1f8 is an unknown value
R8 =0x00007f9c5c2fac48 is an unknown value
R9 =0x00007f9bf9b25050 is pointing into the stack for thread: 0x00007f9c5c3af000
R10=0x00007f9be8000c40 is an unknown value
R11=0x00007f9c4d7d7880 is at entry_point+32 in (nmethod*)0x00007f9c4d7d7710
R12=0x00007f9c5c3af000 is a thread
R13=0x00007f9c5c2fac48 is an unknown value
R14=0x0000000000000001 is an unknown value
R15=0x00007f9c5c3af1f8 is an unknown value


Stack: [0x00007f9bf9a26000,0x00007f9bf9b27000],  sp=0x00007f9bf9b24ea0,  free space=1019k
Native frames: (J=compiled Java code, j=interpreted, Vv=VM code, C=native code)
V  [libjvm.so+0x6d59a8]  jni_invoke_nonstatic(JNIEnv_*, JavaValue*, _jobject*, JNICallType, _jmethodID*, JNI_ArgumentPusher*, Thread*)+0x38
V  [libjvm.so+0x6da14f]  jni_CallVoidMethodV+0x10f
C  [libglass.so+0x18641]  JNIEnv_::CallVoidMethod(_jobject*, _jmethodID*, ...)+0x81
C  [libglass.so+0x14f0f]  WindowContextBase::process_key(_GdkEventKey*)+0x20f
C  [libglass.so+0x19f60]  WindowContextBase::im_filter_keypress(_GdkEventKey*)+0x1c0
C  [libglass.so+0x1a91c]  process_events(_GdkEvent*, void*)+0x22c
C  [libgdk-x11-2.0.so.0+0x5ac8c]

Java frames: (J=compiled Java code, j=interpreted, Vv=VM code)
j  com.sun.glass.ui.gtk.GtkApplication._runLoop(Ljava/lang/Runnable;Z)V+0
j  com.sun.glass.ui.gtk.GtkApplication.lambda$null$48(Ljava/lang/Runnable;Z)V+7
j  com.sun.glass.ui.gtk.GtkApplication$$Lambda$41.run()V+12
j  java.lang.Thread.run()V+11
v  ~StubRoutines::call_stub

---------------  P R O C E S S  ---------------

Java Threads: ( => current thread )
  0x00007f9be8234000 JavaThread "Prism Font Disposer" daemon [_thread_blocked, id=23023, stack(0x00007f9bf8be9000,0x00007f9bf8cea000)]
  0x00007f9c5c3b5000 JavaThread "JavaFX-Launcher" [_thread_blocked, id=23018, stack(0x00007f9bf9925000,0x00007f9bf9a26000)]
=>0x00007f9c5c3af000 JavaThread "JavaFX Application Thread" [_thread_in_vm, id=23017, stack(0x00007f9bf9a26000,0x00007f9bf9b27000)]
  0x00007f9c5c3ab800 JavaThread "Thread-1" daemon [_thread_blocked, id=23016, stack(0x00007f9bf9b27000,0x00007f9bf9c28000)]
  0x00007f9c5c2e6000 JavaThread "QuantumRenderer-0" daemon [_thread_blocked, id=23012, stack(0x00007f9c0feff000,0x00007f9c10000000)]
  0x00007f9c5c200800 JavaThread "Service Thread" daemon [_thread_blocked, id=23010, stack(0x00007f9c30226000,0x00007f9c30327000)]
  0x00007f9c5c1fb800 JavaThread "C1 CompilerThread2" daemon [_thread_blocked, id=23009, stack(0x00007f9c30327000,0x00007f9c30428000)]
  0x00007f9c5c1f9800 JavaThread "C2 CompilerThread1" daemon [_thread_in_native, id=23008, stack(0x00007f9c4806e000,0x00007f9c4816f000)]
  0x00007f9c5c1f7800 JavaThread "C2 CompilerThread0" daemon [_thread_blocked, id=23007, stack(0x00007f9c4816f000,0x00007f9c48270000)]
  0x00007f9c5c1f6000 JavaThread "Monitor Ctrl-Break" daemon [_thread_in_native, id=23006, stack(0x00007f9c48270000,0x00007f9c48371000)]
  0x00007f9c5c180800 JavaThread "Signal Dispatcher" daemon [_thread_blocked, id=23002, stack(0x00007f9c48371000,0x00007f9c48472000)]
  0x00007f9c5c14c800 JavaThread "Finalizer" daemon [_thread_blocked, id=22998, stack(0x00007f9c48472000,0x00007f9c48573000)]
  0x00007f9c5c148000 JavaThread "Reference Handler" daemon [_thread_blocked, id=22997, stack(0x00007f9c48573000,0x00007f9c48674000)]
  0x00007f9c5c00b000 JavaThread "main" [_thread_blocked, id=22984, stack(0x00007f9c651cb000,0x00007f9c652cc000)]

Other Threads:
  0x00007f9c5c140000 VMThread [stack: 0x00007f9c48674000,0x00007f9c48775000] [id=22995]
  0x00007f9c5c205800 WatcherThread [stack: 0x00007f9c30125000,0x00007f9c30226000] [id=23011]

VM state:not at safepoint (normal execution)

VM Mutex/Monitor currently owned by a thread: None

Heap:
 PSYoungGen      total 36864K, used 10381K [0x00000000d7000000, 0x00000000d9900000, 0x0000000100000000)
  eden space 31744K, 16% used [0x00000000d7000000,0x00000000d7528570,0x00000000d8f00000)
  from space 5120K, 99% used [0x00000000d8f00000,0x00000000d93fafb8,0x00000000d9400000)
  to   space 5120K, 0% used [0x00000000d9400000,0x00000000d9400000,0x00000000d9900000)
 ParOldGen       total 84992K, used 7950K [0x0000000085000000, 0x000000008a300000, 0x00000000d7000000)
  object space 84992K, 9% used [0x0000000085000000,0x00000000857c3b10,0x000000008a300000)
 Metaspace       used 19906K, capacity 20920K, committed 21248K, reserved 1067008K
  class space    used 2746K, capacity 2951K, committed 3072K, reserved 1048576K

Card table byte_map: [0x00007f9c6198a000,0x00007f9c61d63000] byte_map_base: 0x00007f9c61562000

Marking Bits: (ParMarkBitMap*) 0x00007f9c6469ef80
 Begin Bits: [0x00007f9c49280000, 0x00007f9c4b140000)
 End Bits:   [0x00007f9c4b140000, 0x00007f9c4d000000)

Polling page: 0x00007f9c652ef000

CodeCache: size=245760Kb used=15175Kb max_used=15972Kb free=230584Kb
 bounds [0x00007f9c4d000000, 0x00007f9c4dfd0000, 0x00007f9c5c000000]
 total_blobs=5177 nmethods=4513 adapters=575
 compilation: enabled

Compilation events (10 events):
Event: 56.976 Thread 0x00007f9c5c1f7800 nmethod 4895 0x00007f9c4d30efd0 code [0x00007f9c4d30f140, 0x00007f9c4d30f2f8]
Event: 56.976 Thread 0x00007f9c5c1fb800 nmethod 4902 0x00007f9c4d3adad0 code [0x00007f9c4d3adc40, 0x00007f9c4d3ade28]
Event: 56.977 Thread 0x00007f9c5c1f9800 nmethod 4903 0x00007f9c4d374250 code [0x00007f9c4d3743a0, 0x00007f9c4d374458]
Event: 56.978 Thread 0x00007f9c5c1f7800 4904       4       javafx.geometry.BoundingBox::<init> (18 bytes)
Event: 56.978 Thread 0x00007f9c5c1fb800 4905       3       javafx.scene.shape.Rectangle::<init> (50 bytes)
Event: 56.979 Thread 0x00007f9c5c1f7800 nmethod 4904 0x00007f9c4dee7110 code [0x00007f9c4dee7260, 0x00007f9c4dee72f8]
Event: 56.980 Thread 0x00007f9c5c1fb800 nmethod 4905 0x00007f9c4d2da8d0 code [0x00007f9c4d2dab40, 0x00007f9c4d2dbb38]
Event: 56.980 Thread 0x00007f9c5c1fb800 4906       3       com.sun.javafx.geom.RectBounds::deriveWithUnion (64 bytes)
Event: 56.980 Thread 0x00007f9c5c1fb800 nmethod 4906 0x00007f9c4d181b50 code [0x00007f9c4d181d60, 0x00007f9c4d1826d8]
Event: 56.980 Thread 0x00007f9c5c1f9800 4907       4       jdk.internal.org.objectweb.asm.Item::isEqualTo (354 bytes)

GC Heap History (6 events):
Event: 1.056 GC heap before
{Heap before GC invocations=1 (full 0):
 PSYoungGen      total 36864K, used 31744K [0x00000000d7000000, 0x00000000d9900000, 0x0000000100000000)
  eden space 31744K, 100% used [0x00000000d7000000,0x00000000d8f00000,0x00000000d8f00000)
  from space 5120K, 0% used [0x00000000d9400000,0x00000000d9400000,0x00000000d9900000)
  to   space 5120K, 0% used [0x00000000d8f00000,0x00000000d8f00000,0x00000000d9400000)
 ParOldGen       total 84992K, used 0K [0x0000000085000000, 0x000000008a300000, 0x00000000d7000000)
  object space 84992K, 0% used [0x0000000085000000,0x0000000085000000,0x000000008a300000)
 Metaspace       used 12022K, capacity 12426K, committed 12544K, reserved 1060864K
  class space    used 1594K, capacity 1714K, committed 1792K, reserved 1048576K
Event: 1.065 GC heap after
Heap after GC invocations=1 (full 0):
 PSYoungGen      total 36864K, used 3536K [0x00000000d7000000, 0x00000000d9900000, 0x0000000100000000)
  eden space 31744K, 0% used [0x00000000d7000000,0x00000000d7000000,0x00000000d8f00000)
  from space 5120K, 69% used [0x00000000d8f00000,0x00000000d9274030,0x00000000d9400000)
  to   space 5120K, 0% used [0x00000000d9400000,0x00000000d9400000,0x00000000d9900000)
 ParOldGen       total 84992K, used 72K [0x0000000085000000, 0x000000008a300000, 0x00000000d7000000)
  object space 84992K, 0% used [0x0000000085000000,0x0000000085012010,0x000000008a300000)
 Metaspace       used 12022K, capacity 12426K, committed 12544K, reserved 1060864K
  class space    used 1594K, capacity 1714K, committed 1792K, reserved 1048576K
}
Event: 18.868 GC heap before
{Heap before GC invocations=2 (full 0):
 PSYoungGen      total 36864K, used 35280K [0x00000000d7000000, 0x00000000d9900000, 0x0000000100000000)
  eden space 31744K, 100% used [0x00000000d7000000,0x00000000d8f00000,0x00000000d8f00000)
  from space 5120K, 69% used [0x00000000d8f00000,0x00000000d9274030,0x00000000d9400000)
  to   space 5120K, 0% used [0x00000000d9400000,0x00000000d9400000,0x00000000d9900000)
 ParOldGen       total 84992K, used 72K [0x0000000085000000, 0x000000008a300000, 0x00000000d7000000)
  object space 84992K, 0% used [0x0000000085000000,0x0000000085012010,0x000000008a300000)
 Metaspace       used 18157K, capacity 18984K, committed 19200K, reserved 1064960K
  class space    used 2614K, capacity 2791K, committed 2816K, reserved 1048576K
Event: 18.883 GC heap after
Heap after GC invocations=2 (full 0):
 PSYoungGen      total 36864K, used 5088K [0x00000000d7000000, 0x00000000d9900000, 0x0000000100000000)
  eden space 31744K, 0% used [0x00000000d7000000,0x00000000d7000000,0x00000000d8f00000)
  from space 5120K, 99% used [0x00000000d9400000,0x00000000d98f8068,0x00000000d9900000)
  to   space 5120K, 0% used [0x00000000d8f00000,0x00000000d8f00000,0x00000000d9400000)
 ParOldGen       total 84992K, used 6760K [0x0000000085000000, 0x000000008a300000, 0x00000000d7000000)
  object space 84992K, 7% used [0x0000000085000000,0x000000008569a010,0x000000008a300000)
 Metaspace       used 18157K, capacity 18984K, committed 19200K, reserved 1064960K
  class space    used 2614K, capacity 2791K, committed 2816K, reserved 1048576K
}
Event: 50.766 GC heap before
{Heap before GC invocations=3 (full 0):
 PSYoungGen      total 36864K, used 36832K [0x00000000d7000000, 0x00000000d9900000, 0x0000000100000000)
  eden space 31744K, 100% used [0x00000000d7000000,0x00000000d8f00000,0x00000000d8f00000)
  from space 5120K, 99% used [0x00000000d9400000,0x00000000d98f8068,0x00000000d9900000)
  to   space 5120K, 0% used [0x00000000d8f00000,0x00000000d8f00000,0x00000000d9400000)
 ParOldGen       total 84992K, used 6760K [0x0000000085000000, 0x000000008a300000, 0x00000000d7000000)
  object space 84992K, 7% used [0x0000000085000000,0x000000008569a010,0x000000008a300000)
 Metaspace       used 19883K, capacity 20838K, committed 20992K, reserved 1067008K
  class space    used 2743K, capacity 2948K, committed 3072K, reserved 1048576K
Event: 50.783 GC heap after
Heap after GC invocations=3 (full 0):
 PSYoungGen      total 36864K, used 5099K [0x00000000d7000000, 0x00000000d9900000, 0x0000000100000000)
  eden space 31744K, 0% used [0x00000000d7000000,0x00000000d7000000,0x00000000d8f00000)
  from space 5120K, 99% used [0x00000000d8f00000,0x00000000d93fafb8,0x00000000d9400000)
  to   space 5120K, 0% used [0x00000000d9400000,0x00000000d9400000,0x00000000d9900000)
 ParOldGen       total 84992K, used 7950K [0x0000000085000000, 0x000000008a300000, 0x00000000d7000000)
  object space 84992K, 9% used [0x0000000085000000,0x00000000857c3b10,0x000000008a300000)
 Metaspace       used 19883K, capacity 20838K, committed 20992K, reserved 1067008K
  class space    used 2743K, capacity 2948K, committed 3072K, reserved 1048576K
}

Deoptimization events (10 events):
Event: 46.339 Thread 0x00007f9c5c3af000 Uncommon trap: reason=unstable_if action=reinterpret pc=0x00007f9c4dc4b328 method=java.util.regex.Pattern$Curly.match0(Ljava/util/regex/Matcher;IILjava/lang/CharSequence;)Z @ 66
Event: 50.447 Thread 0x00007f9c5c3af000 Uncommon trap: reason=unstable_if action=reinterpret pc=0x00007f9c4ddcf7fc method=java.util.Arrays.equals([C[C)Z @ 23
Event: 56.036 Thread 0x00007f9c5c2e6000 Uncommon trap: reason=unstable_if action=reinterpret pc=0x00007f9c4d20ccec method=com.sun.openpisces.Renderer.produceAlphas(Lcom/sun/openpisces/AlphaConsumer;)V @ 367
Event: 56.036 Thread 0x00007f9c5c2e6000 Uncommon trap: reason=unstable_if action=reinterpret pc=0x00007f9c4df9cf20 method=com.sun.openpisces.Renderer.produceAlphas(Lcom/sun/openpisces/AlphaConsumer;)V @ 367
Event: 56.967 Thread 0x00007f9c5c3af000 Uncommon trap: reason=bimorphic action=maybe_recompile pc=0x00007f9c4da54958 method=com.sun.javafx.collections.ListListenerHelper$SingleChange.fireValueChangedEvent(Ljavafx/collections/ListChangeListener$Change;)V @ 5
Event: 56.970 Thread 0x00007f9c5c3af000 Uncommon trap: reason=class_check action=maybe_recompile pc=0x00007f9c4dcd05dc method=javafx.collections.ObservableListBase.setAll([Ljava/lang/Object;)Z @ 5
Event: 56.971 Thread 0x00007f9c5c3af000 Uncommon trap: reason=class_check action=maybe_recompile pc=0x00007f9c4dcd05dc method=javafx.collections.ObservableListBase.setAll([Ljava/lang/Object;)Z @ 5
Event: 56.973 Thread 0x00007f9c5c3af000 Uncommon trap: reason=class_check action=maybe_recompile pc=0x00007f9c4dcd05dc method=javafx.collections.ObservableListBase.setAll([Ljava/lang/Object;)Z @ 5
Event: 56.974 Thread 0x00007f9c5c3af000 Uncommon trap: reason=class_check action=maybe_recompile pc=0x00007f9c4dcd05dc method=javafx.collections.ObservableListBase.setAll([Ljava/lang/Object;)Z @ 5
Event: 56.979 Thread 0x00007f9c5c3af000 Uncommon trap: reason=unstable_if action=reinterpret pc=0x00007f9c4dd52918 method=com.sun.javafx.util.WeakReferenceQueue.remove(Ljava/lang/Object;)V @ 27

Internal exceptions (10 events):
Event: 0.634 Thread 0x00007f9c5c3af000 Exception <a 'java/lang/NullPointerException'> (0x00000000d8123e00) thrown at [/HUDSON/workspace/8-2-build-linux-amd64/jdk8u151/9699/hotspot/src/share/vm/interpreter/linkResolver.cpp, line 1183]
Event: 0.634 Thread 0x00007f9c5c3af000 Exception <a 'java/lang/NullPointerException'> (0x00000000d8123e00) thrown at [/HUDSON/workspace/8-2-build-linux-amd64/jdk8u151/9699/hotspot/src/share/vm/prims/jvm.cpp, line 1394]
Event: 0.867 Thread 0x00007f9c5c3af000 Exception <a 'java/lang/ArrayIndexOutOfBoundsException'> (0x00000000d88adf08) thrown at [/HUDSON/workspace/8-2-build-linux-amd64/jdk8u151/9699/hotspot/src/share/vm/runtime/sharedRuntime.cpp, line 605]
Event: 0.867 Thread 0x00007f9c5c3af000 Exception <a 'java/lang/ArrayIndexOutOfBoundsException'> (0x00000000d88b04b8) thrown at [/HUDSON/workspace/8-2-build-linux-amd64/jdk8u151/9699/hotspot/src/share/vm/runtime/sharedRuntime.cpp, line 605]
Event: 0.868 Thread 0x00007f9c5c3af000 Exception <a 'java/lang/ArrayIndexOutOfBoundsException'> (0x00000000d88b2360) thrown at [/HUDSON/workspace/8-2-build-linux-amd64/jdk8u151/9699/hotspot/src/share/vm/runtime/sharedRuntime.cpp, line 605]
Event: 1.001 Thread 0x00007f9c5c3af000 Implicit null exception at 0x00007f9c4d2cfa35 to 0x00007f9c4d2cfc51
Event: 3.512 Thread 0x00007f9c5c3af000 Implicit null exception at 0x00007f9c4d3f5bcf to 0x00007f9c4d3f614d
Event: 3.678 Thread 0x00007f9c5c3af000 Implicit null exception at 0x00007f9c4d3e367a to 0x00007f9c4d3e3edd
Event: 18.840 Thread 0x00007f9c5c3af000 Implicit null exception at 0x00007f9c4d7a5ffb to 0x00007f9c4d7a8d75
Event: 18.944 Thread 0x00007f9c5c3af000 Implicit null exception at 0x00007f9c4d8c304c to 0x00007f9c4d8c6f35

Events (10 events):
Event: 56.974 Thread 0x00007f9c5c3af000 Uncommon trap: trap_request=0xffffffde fr.pc=0x00007f9c4dcd05dc
Event: 56.974 Thread 0x00007f9c5c3af000 DEOPT PACKING pc=0x00007f9c4dcd05dc sp=0x00007f9bf9b226b0
Event: 56.974 Thread 0x00007f9c5c3af000 DEOPT UNPACKING pc=0x00007f9c4d005229 sp=0x00007f9bf9b22680 mode 2
Event: 56.979 Thread 0x00007f9c5c3af000 Uncommon trap: trap_request=0xffffff65 fr.pc=0x00007f9c4dd52918
Event: 56.979 Thread 0x00007f9c5c3af000 DEOPT PACKING pc=0x00007f9c4dd52918 sp=0x00007f9bf9b22520
Event: 56.979 Thread 0x00007f9c5c3af000 DEOPT UNPACKING pc=0x00007f9c4d005229 sp=0x00007f9bf9b224f0 mode 2
Event: 56.980 loading class com/sun/prism/GraphicsResource
Event: 56.980 loading class com/sun/prism/GraphicsResource done
Event: 56.980 loading class com/sun/prism/GraphicsResource
Event: 56.980 loading class com/sun/prism/GraphicsResource done


Dynamic libraries:
00400000-00401000 r-xp 00000000 08:07 1182774                            /usr/lib/jvm/java-8-oracle/bin/java
00600000-00601000 rw-p 00000000 08:07 1182774                            /usr/lib/jvm/java-8-oracle/bin/java
0208c000-020ad000 rw-p 00000000 00:00 0                                  [heap]
85000000-8a300000 rw-p 00000000 00:00 0 
8a300000-d7000000 ---p 00000000 00:00 0 
d7000000-d9900000 rw-p 00000000 00:00 0 
d9900000-100000000 ---p 00000000 00:00 0 
100000000-100300000 rw-p 00000000 00:00 0 
100300000-140000000 ---p 00000000 00:00 0 
7f9bdbe00000-7f9bdbfc0000 rw-p 00000000 00:00 0 
7f9bdbfc0000-7f9bdc000000 ---p 00000000 00:00 0 
7f9bdc000000-7f9bdc021000 rw-p 00000000 00:00 0 
7f9bdc021000-7f9be0000000 ---p 00000000 00:00 0 
7f9be0000000-7f9be0021000 rw-p 00000000 00:00 0 
7f9be0021000-7f9be4000000 ---p 00000000 00:00 0 
7f9be4000000-7f9be4021000 rw-p 00000000 00:00 0 
7f9be4021000-7f9be8000000 ---p 00000000 00:00 0 
7f9be8000000-7f9be8575000 rw-p 00000000 00:00 0 
7f9be8575000-7f9bec000000 ---p 00000000 00:00 0 
7f9bec000000-7f9bec021000 rw-p 00000000 00:00 0 
7f9bec021000-7f9bf0000000 ---p 00000000 00:00 0 
7f9bf0000000-7f9bf0022000 rw-p 00000000 00:00 0 
7f9bf0022000-7f9bf4000000 ---p 00000000 00:00 0 
7f9bf4000000-7f9bf4021000 rw-p 00000000 00:00 0 
7f9bf4021000-7f9bf8000000 ---p 00000000 00:00 0 
7f9bf81b3000-7f9bf81bf000 rw-s 00000000 00:05 323473                     /drm mm object (deleted)
7f9bf81bf000-7f9bf81cf000 rw-s 00000000 00:05 324705                     /drm mm object (deleted)
7f9bf81cf000-7f9bf823f000 rw-s 00000000 00:05 323449                     /drm mm object (deleted)
7f9bf82af000-7f9bf84af000 rw-p 00000000 00:00 0 
7f9bf84b3000-7f9bf84bb000 rw-s 00000000 00:05 324759                     /drm mm object (deleted)
7f9bf84bb000-7f9bf84c3000 rw-s 00000000 00:05 324693                     /drm mm object (deleted)
7f9bf84f6000-7f9bf84f7000 rw-s 00000000 00:05 326665                     /drm mm object (deleted)
7f9bf85b7000-7f9bf85c7000 rw-s 00000000 00:05 323934                     /drm mm object (deleted)
7f9bf85c7000-7f9bf8627000 rw-s 00000000 00:05 323415                     /drm mm object (deleted)
7f9bf8627000-7f9bf8635000 rw-s 00000000 00:05 323414                     /drm mm object (deleted)
7f9bf8635000-7f9bf87f5000 rw-s 100c4c000 00:06 331                       /dev/dri/card0
7f9bf87f5000-7f9bf89b5000 rw-s 00000000 00:05 323405                     /drm mm object (deleted)
7f9bf89b5000-7f9bf89c5000 rw-s 00000000 00:05 323410                     /drm mm object (deleted)
7f9bf89c5000-7f9bf89cd000 rw-s 00000000 00:05 323409                     /drm mm object (deleted)
7f9bf89cd000-7f9bf89dd000 rw-s 00000000 00:05 324769                     /drm mm object (deleted)
7f9bf89dd000-7f9bf89e9000 rw-s 00000000 00:05 322258                     /drm mm object (deleted)
7f9bf89e9000-7f9bf8be9000 rw-p 00000000 00:00 0 
7f9bf8be9000-7f9bf8bec000 ---p 00000000 00:00 0 
7f9bf8bec000-7f9bf8cea000 rw-p 00000000 00:00 0 
7f9bf8cea000-7f9bf8da3000 r--p 00000000 08:07 2100359                    /usr/share/fonts/truetype/dejavu/DejaVuSans.ttf
7f9bf8da3000-7f9bf8df8000 r--p 00000000 08:07 1583324                    /usr/lib/jvm/java-8-oracle/jre/lib/fonts/LucidaBrightRegular.ttf
7f9bf8df8000-7f9bf8e32000 r--p 00000000 08:07 1583329                    /usr/lib/jvm/java-8-oracle/jre/lib/fonts/LucidaTypewriterBold.ttf
7f9bf8e32000-7f9bf8edd000 r--p 00000000 08:07 1583323                    /usr/lib/jvm/java-8-oracle/jre/lib/fonts/LucidaSansRegular.ttf
7f9bf8edd000-7f9bf8f19000 r--p 00000000 08:07 1583328                    /usr/lib/jvm/java-8-oracle/jre/lib/fonts/LucidaTypewriterRegular.ttf
7f9bf8f19000-7f9bf8f1d000 r-xp 00000000 08:07 1583363                    /usr/lib/jvm/java-8-oracle/jre/lib/amd64/libjavafx_font_pango.so
7f9bf8f1d000-7f9bf911c000 ---p 00004000 08:07 1583363                    /usr/lib/jvm/java-8-oracle/jre/lib/amd64/libjavafx_font_pango.so
7f9bf911c000-7f9bf911d000 rw-p 00003000 08:07 1583363                    /usr/lib/jvm/java-8-oracle/jre/lib/amd64/libjavafx_font_pango.so
7f9bf911d000-7f9bf931d000 rw-p 00000000 00:00 0 
7f9bf931d000-7f9bf9322000 r-xp 00000000 08:07 1583366                    /usr/lib/jvm/java-8-oracle/jre/lib/amd64/libjavafx_font_freetype.so
7f9bf9322000-7f9bf9521000 ---p 00005000 08:07 1583366                    /usr/lib/jvm/java-8-oracle/jre/lib/amd64/libjavafx_font_freetype.so
7f9bf9521000-7f9bf9522000 rw-p 00004000 08:07 1583366                    /usr/lib/jvm/java-8-oracle/jre/lib/amd64/libjavafx_font_freetype.so
7f9bf9522000-7f9bf9525000 r-xp 00000000 08:07 1583407                    /usr/lib/jvm/java-8-oracle/jre/lib/amd64/libjavafx_font.so
7f9bf9525000-7f9bf9724000 ---p 00003000 08:07 1583407                    /usr/lib/jvm/java-8-oracle/jre/lib/amd64/libjavafx_font.so
7f9bf9724000-7f9bf9725000 rw-p 00002000 08:07 1583407                    /usr/lib/jvm/java-8-oracle/jre/lib/amd64/libjavafx_font.so
7f9bf9725000-7f9bf9925000 rw-p 00000000 00:00 0 
7f9bf9925000-7f9bf9928000 ---p 00000000 00:00 0 
7f9bf9928000-7f9bf9a26000 rw-p 00000000 00:00 0 
7f9bf9a26000-7f9bf9a29000 ---p 00000000 00:00 0 
7f9bf9a29000-7f9bf9b27000 rw-p 00000000 00:00 0 
7f9bf9b27000-7f9bf9b2a000 ---p 00000000 00:00 0 
7f9bf9b2a000-7f9bf9c28000 rw-p 00000000 00:00 0 
7f9bf9c28000-7f9bf9c29000 ---p 00000000 00:00 0 
7f9bf9c29000-7f9bfa429000 rw-p 00000000 00:00 0 
7f9bfa429000-7f9bfa42a000 ---p 00000000 00:00 0 
7f9bfa42a000-7f9bfac2a000 rw-p 00000000 00:00 0 
7f9bfac2a000-7f9bfac2b000 ---p 00000000 00:00 0 
7f9bfac2b000-7f9bfb42b000 rw-p 00000000 00:00 0 
7f9bfb42b000-7f9bfb436000 r-xp 00000000 08:07 1444255                    /usr/lib/x86_64-linux-gnu/gio/modules/libdconfsettings.so
7f9bfb436000-7f9bfb636000 ---p 0000b000 08:07 1444255                    /usr/lib/x86_64-linux-gnu/gio/modules/libdconfsettings.so
7f9bfb636000-7f9bfb637000 r--p 0000b000 08:07 1444255                    /usr/lib/x86_64-linux-gnu/gio/modules/libdconfsettings.so
7f9bfb637000-7f9bfb638000 rw-p 0000c000 08:07 1444255                    /usr/lib/x86_64-linux-gnu/gio/modules/libdconfsettings.so
7f9bfb638000-7f9bfb63f000 r-xp 00000000 08:07 1189682                    /usr/lib/x86_64-linux-gnu/libogg.so.0.8.2
7f9bfb63f000-7f9bfb83f000 ---p 00007000 08:07 1189682                    /usr/lib/x86_64-linux-gnu/libogg.so.0.8.2
7f9bfb83f000-7f9bfb840000 r--p 00007000 08:07 1189682                    /usr/lib/x86_64-linux-gnu/libogg.so.0.8.2
7f9bfb840000-7f9bfb841000 rw-p 00008000 08:07 1189682                    /usr/lib/x86_64-linux-gnu/libogg.so.0.8.2
7f9bfb841000-7f9bfb86b000 r-xp 00000000 08:07 1190042                    /usr/lib/x86_64-linux-gnu/libvorbis.so.0.4.8
7f9bfb86b000-7f9bfba6b000 ---p 0002a000 08:07 1190042                    /usr/lib/x86_64-linux-gnu/libvorbis.so.0.4.8
7f9bfba6b000-7f9bfba6c000 r--p 0002a000 08:07 1190042                    /usr/lib/x86_64-linux-gnu/libvorbis.so.0.4.8
7f9bfba6c000-7f9bfba6d000 rw-p 0002b000 08:07 1190042                    /usr/lib/x86_64-linux-gnu/libvorbis.so.0.4.8
7f9bfba6d000-7f9bfba76000 r-xp 00000000 08:07 1189543                    /usr/lib/x86_64-linux-gnu/libltdl.so.7.3.1
7f9bfba76000-7f9bfbc75000 ---p 00009000 08:07 1189543                    /usr/lib/x86_64-linux-gnu/libltdl.so.7.3.1
7f9bfbc75000-7f9bfbc76000 r--p 00008000 08:07 1189543                    /usr/lib/x86_64-linux-gnu/libltdl.so.7.3.1
7f9bfbc76000-7f9bfbc77000 rw-p 00009000 08:07 1189543                    /usr/lib/x86_64-linux-gnu/libltdl.so.7.3.1
7f9bfbc77000-7f9bfbc8b000 r-xp 00000000 08:07 1189931                    /usr/lib/x86_64-linux-gnu/libtdb.so.1.3.8
7f9bfbc8b000-7f9bfbe8a000 ---p 00014000 08:07 1189931                    /usr/lib/x86_64-linux-gnu/libtdb.so.1.3.8
7f9bfbe8a000-7f9bfbe8b000 r--p 00013000 08:07 1189931                    /usr/lib/x86_64-linux-gnu/libtdb.so.1.3.8
7f9bfbe8b000-7f9bfbe8c000 rw-p 00014000 08:07 1189931                    /usr/lib/x86_64-linux-gnu/libtdb.so.1.3.8
7f9bfbe8c000-7f9bfbe93000 r-xp 00000000 08:07 1190046                    /usr/lib/x86_64-linux-gnu/libvorbisfile.so.3.3.7
7f9bfbe93000-7f9bfc093000 ---p 00007000 08:07 1190046                    /usr/lib/x86_64-linux-gnu/libvorbisfile.so.3.3.7
7f9bfc093000-7f9bfc094000 r--p 00007000 08:07 1190046                    /usr/lib/x86_64-linux-gnu/libvorbisfile.so.3.3.7
7f9bfc094000-7f9bfc095000 rw-p 00008000 08:07 1190046                    /usr/lib/x86_64-linux-gnu/libvorbisfile.so.3.3.7
7f9bfc095000-7f9bfc0a5000 r-xp 00000000 08:07 1188924                    /usr/lib/x86_64-linux-gnu/libcanberra.so.0.2.5
7f9bfc0a5000-7f9bfc2a4000 ---p 00010000 08:07 1188924                    /usr/lib/x86_64-linux-gnu/libcanberra.so.0.2.5
7f9bfc2a4000-7f9bfc2a5000 r--p 0000f000 08:07 1188924                    /usr/lib/x86_64-linux-gnu/libcanberra.so.0.2.5
7f9bfc2a5000-7f9bfc2a6000 rw-p 00010000 08:07 1188924                    /usr/lib/x86_64-linux-gnu/libcanberra.so.0.2.5
7f9bfc2a6000-7f9bfc2aa000 r-xp 00000000 08:07 1188920                    /usr/lib/x86_64-linux-gnu/libcanberra-gtk.so.0.1.9
7f9bfc2aa000-7f9bfc4a9000 ---p 00004000 08:07 1188920                    /usr/lib/x86_64-linux-gnu/libcanberra-gtk.so.0.1.9
7f9bfc4a9000-7f9bfc4aa000 r--p 00003000 08:07 1188920                    /usr/lib/x86_64-linux-gnu/libcanberra-gtk.so.0.1.9
7f9bfc4aa000-7f9bfc4ab000 rw-p 00004000 08:07 1188920                    /usr/lib/x86_64-linux-gnu/libcanberra-gtk.so.0.1.9
7f9bfc4ab000-7f9bfc4b0000 r-xp 00000000 08:07 1444470                    /usr/lib/x86_64-linux-gnu/gtk-2.0/modules/libcanberra-gtk-module.so
7f9bfc4b0000-7f9bfc6af000 ---p 00005000 08:07 1444470                    /usr/lib/x86_64-linux-gnu/gtk-2.0/modules/libcanberra-gtk-module.so
7f9bfc6af000-7f9bfc6b0000 r--p 00004000 08:07 1444470                    /usr/lib/x86_64-linux-gnu/gtk-2.0/modules/libcanberra-gtk-module.so
7f9bfc6b0000-7f9bfc6b1000 rw-p 00005000 08:07 1444470                    /usr/lib/x86_64-linux-gnu/gtk-2.0/modules/libcanberra-gtk-module.so
7f9bfc6b1000-7f9bfc6e1000 r-xp 00000000 08:07 1444452                    /usr/lib/x86_64-linux-gnu/gtk-2.0/2.10.0/engines/libmurrine.so
7f9bfc6e1000-7f9bfc8e1000 ---p 00030000 08:07 1444452                    /usr/lib/x86_64-linux-gnu/gtk-2.0/2.10.0/engines/libmurrine.so
7f9bfc8e1000-7f9bfc8e2000 r--p 00030000 08:07 1444452                    /usr/lib/x86_64-linux-gnu/gtk-2.0/2.10.0/engines/libmurrine.so
7f9bfc8e2000-7f9bfc8e3000 rw-p 00031000 08:07 1444452                    /usr/lib/x86_64-linux-gnu/gtk-2.0/2.10.0/engines/libmurrine.so
7f9bfc8e3000-7f9bfc8f3000 r-xp 00000000 08:07 1189989                    /usr/lib/x86_64-linux-gnu/libunity-gtk2-parser.so.0.0.0
7f9bfc8f3000-7f9bfcaf3000 ---p 00010000 08:07 1189989                    /usr/lib/x86_64-linux-gnu/libunity-gtk2-parser.so.0.0.0
7f9bfcaf3000-7f9bfcaf4000 r--p 00010000 08:07 1189989                    /usr/lib/x86_64-linux-gnu/libunity-gtk2-parser.so.0.0.0
7f9bfcaf4000-7f9bfcaf5000 rw-p 00011000 08:07 1189989                    /usr/lib/x86_64-linux-gnu/libunity-gtk2-parser.so.0.0.0
7f9bfcaf5000-7f9bfcafa000 r-xp 00000000 08:07 1444474                    /usr/lib/x86_64-linux-gnu/gtk-2.0/modules/libunity-gtk-module.so
7f9bfcafa000-7f9bfccf9000 ---p 00005000 08:07 1444474                    /usr/lib/x86_64-linux-gnu/gtk-2.0/modules/libunity-gtk-module.so
7f9bfccf9000-7f9bfccfa000 r--p 00004000 08:07 1444474                    /usr/lib/x86_64-linux-gnu/gtk-2.0/modules/libunity-gtk-module.so
7f9bfccfa000-7f9bfccfb000 rw-p 00005000 08:07 1444474                    /usr/lib/x86_64-linux-gnu/gtk-2.0/modules/libunity-gtk-module.so
7f9bfccfb000-7f9bfcd0d000 r-xp 00000000 08:07 529358                     /lib/x86_64-linux-gnu/libgpg-error.so.0.17.0
7f9bfcd0d000-7f9bfcf0d000 ---p 00012000 08:07 529358                     /lib/x86_64-linux-gnu/libgpg-error.so.0.17.0
7f9bfcf0d000-7f9bfcf0e000 r--p 00012000 08:07 529358                     /lib/x86_64-linux-gnu/libgpg-error.so.0.17.0
7f9bfcf0e000-7f9bfcf0f000 rw-p 00013000 08:07 529358                     /lib/x86_64-linux-gnu/libgpg-error.so.0.17.0
7f9bfcf0f000-7f9bfcfe7000 r-xp 00000000 08:07 529354                     /lib/x86_64-linux-gnu/libgcrypt.so.20.0.5
7f9bfcfe7000-7f9bfd1e6000 ---p 000d8000 08:07 529354                     /lib/x86_64-linux-gnu/libgcrypt.so.20.0.5
7f9bfd1e6000-7f9bfd1e7000 r--p 000d7000 08:07 529354                     /lib/x86_64-linux-gnu/libgcrypt.so.20.0.5
7f9bfd1e7000-7f9bfd1ef000 rw-p 000d8000 08:07 529354                     /lib/x86_64-linux-gnu/libgcrypt.so.20.0.5
7f9bfd1ef000-7f9bfd1f0000 rw-p 00000000 00:00 0 
7f9bfd1f0000-7f9bfd211000 r-xp 00000000 08:07 529381                     /lib/x86_64-linux-gnu/liblzma.so.5.0.0
7f9bfd211000-7f9bfd410000 ---p 00021000 08:07 529381                     /lib/x86_64-linux-gnu/liblzma.so.5.0.0
7f9bfd410000-7f9bfd411000 r--p 00020000 08:07 529381                     /lib/x86_64-linux-gnu/liblzma.so.5.0.0
7f9bfd411000-7f9bfd412000 rw-p 00021000 08:07 529381                     /lib/x86_64-linux-gnu/liblzma.so.5.0.0
7f9bfd412000-7f9bfd45c000 r-xp 00000000 08:07 529330                     /lib/x86_64-linux-gnu/libdbus-1.so.3.14.6
7f9bfd45c000-7f9bfd65c000 ---p 0004a000 08:07 529330                     /lib/x86_64-linux-gnu/libdbus-1.so.3.14.6
7f9bfd65c000-7f9bfd65d000 r--p 0004a000 08:07 529330                     /lib/x86_64-linux-gnu/libdbus-1.so.3.14.6
7f9bfd65d000-7f9bfd65e000 rw-p 0004b000 08:07 529330                     /lib/x86_64-linux-gnu/libdbus-1.so.3.14.6
7f9bfd65e000-7f9bfd68a000 r-xp 00000000 08:07 1188863                    /usr/lib/x86_64-linux-gnu/libatspi.so.0.0.1
7f9bfd68a000-7f9bfd889000 ---p 0002c000 08:07 1188863                    /usr/lib/x86_64-linux-gnu/libatspi.so.0.0.1
7f9bfd889000-7f9bfd88c000 r--p 0002b000 08:07 1188863                    /usr/lib/x86_64-linux-gnu/libatspi.so.0.0.1
7f9bfd88c000-7f9bfd88d000 rw-p 0002e000 08:07 1188863                    /usr/lib/x86_64-linux-gnu/libatspi.so.0.0.1
7f9bfd88d000-7f9bfd8ba000 r-xp 00000000 08:07 1188857                    /usr/lib/x86_64-linux-gnu/libatk-bridge-2.0.so.0.0.0
7f9bfd8ba000-7f9bfdab9000 ---p 0002d000 08:07 1188857                    /usr/lib/x86_64-linux-gnu/libatk-bridge-2.0.so.0.0.0
7f9bfdab9000-7f9bfdaba000 r--p 0002c000 08:07 1188857                    /usr/lib/x86_64-linux-gnu/libatk-bridge-2.0.so.0.0.0
7f9bfdaba000-7f9bfdabc000 rw-p 0002d000 08:07 1188857                    /usr/lib/x86_64-linux-gnu/libatk-bridge-2.0.so.0.0.0
7f9bfdabc000-7f9bfdabd000 r-xp 00000000 08:07 1444469                    /usr/lib/x86_64-linux-gnu/gtk-2.0/modules/libatk-bridge.so
7f9bfdabd000-7f9bfdcbc000 ---p 00001000 08:07 1444469                    /usr/lib/x86_64-linux-gnu/gtk-2.0/modules/libatk-bridge.so
7f9bfdcbc000-7f9bfdcbd000 r--p 00000000 08:07 1444469                    /usr/lib/x86_64-linux-gnu/gtk-2.0/modules/libatk-bridge.so
7f9bfdcbd000-7f9bfdcbe000 rw-p 00001000 08:07 1444469                    /usr/lib/x86_64-linux-gnu/gtk-2.0/modules/libatk-bridge.so
7f9bfdcbe000-7f9bfdcc5000 r-xp 00000000 08:07 1179942                    /usr/lib/x86_64-linux-gnu/libgailutil.so.18.0.1
7f9bfdcc5000-7f9bfdec4000 ---p 00007000 08:07 1179942                    /usr/lib/x86_64-linux-gnu/libgailutil.so.18.0.1
7f9bfdec4000-7f9bfdec5000 r--p 00006000 08:07 1179942                    /usr/lib/x86_64-linux-gnu/libgailutil.so.18.0.1
7f9bfdec5000-7f9bfdec6000 rw-p 00007000 08:07 1179942                    /usr/lib/x86_64-linux-gnu/libgailutil.so.18.0.1
7f9bfdec6000-7f9bfdf14000 r-xp 00000000 08:07 1443120                    /usr/lib/x86_64-linux-gnu/gtk-2.0/modules/libgail.so
7f9bfdf14000-7f9bfe113000 ---p 0004e000 08:07 1443120                    /usr/lib/x86_64-linux-gnu/gtk-2.0/modules/libgail.so
7f9bfe113000-7f9bfe114000 r--p 0004d000 08:07 1443120                    /usr/lib/x86_64-linux-gnu/gtk-2.0/modules/libgail.so
7f9bfe114000-7f9bfe116000 rw-p 0004e000 08:07 1443120                    /usr/lib/x86_64-linux-gnu/gtk-2.0/modules/libgail.so
7f9bfe116000-7f9bfe127000 r-xp 00000000 08:07 1444473                    /usr/lib/x86_64-linux-gnu/gtk-2.0/modules/liboverlay-scrollbar.so
7f9bfe127000-7f9bfe327000 ---p 00011000 08:07 1444473                    /usr/lib/x86_64-linux-gnu/gtk-2.0/modules/liboverlay-scrollbar.so
7f9bfe327000-7f9bfe328000 r--p 00011000 08:07 1444473                    /usr/lib/x86_64-linux-gnu/gtk-2.0/modules/liboverlay-scrollbar.so
7f9bfe328000-7f9bfe329000 rw-p 00012000 08:07 1444473                    /usr/lib/x86_64-linux-gnu/gtk-2.0/modules/liboverlay-scrollbar.so
7f9bfe329000-7f9bfe352000 r-xp 00000000 08:07 1583382                    /usr/lib/jvm/java-8-oracle/jre/lib/amd64/libglass.so
7f9bfe352000-7f9bfe551000 ---p 00029000 08:07 1583382                    /usr/lib/jvm/java-8-oracle/jre/lib/amd64/libglass.so
7f9bfe551000-7f9bfe554000 rw-p 00028000 08:07 1583382                    /usr/lib/jvm/java-8-oracle/jre/lib/amd64/libglass.so
7f9bfe554000-7f9bfe58b000 r-xp 00000000 08:07 1189968                    /usr/lib/x86_64-linux-gnu/libtxc_dxtn_s2tc.so.0.0.0
7f9bfe58b000-7f9bfe78a000 ---p 00037000 08:07 1189968                    /usr/lib/x86_64-linux-gnu/libtxc_dxtn_s2tc.so.0.0.0
7f9bfe78a000-7f9bfe78b000 r--p 00036000 08:07 1189968                    /usr/lib/x86_64-linux-gnu/libtxc_dxtn_s2tc.so.0.0.0
7f9bfe78b000-7f9bfe78c000 rw-p 00037000 08:07 1189968                    /usr/lib/x86_64-linux-gnu/libtxc_dxtn_s2tc.so.0.0.0
7f9bfe78c000-7f9bfe794000 r-xp 00000000 08:07 1189724                    /usr/lib/x86_64-linux-gnu/libpciaccess.so.0.11.1
7f9bfe794000-7f9bfe994000 ---p 00008000 08:07 1189724                    /usr/lib/x86_64-linux-gnu/libpciaccess.so.0.11.1
7f9bfe994000-7f9bfe995000 r--p 00008000 08:07 1189724                    /usr/lib/x86_64-linux-gnu/libpciaccess.so.0.11.1
7f9bfe995000-7f9bfe996000 rw-p 00009000 08:07 1189724                    /usr/lib/x86_64-linux-gnu/libpciaccess.so.0.11.1
7f9bfe996000-7f9bfe9a1000 r-xp 00000000 08:07 1189064                    /usr/lib/x86_64-linux-gnu/libdrm_radeon.so.1.0.1
7f9bfe9a1000-7f9bfeba0000 ---p 0000b000 08:07 1189064                    /usr/lib/x86_64-linux-gnu/libdrm_radeon.so.1.0.1
7f9bfeba0000-7f9bfeba1000 r--p 0000a000 08:07 1189064                    /usr/lib/x86_64-linux-gnu/libdrm_radeon.so.1.0.1
7f9bfeba1000-7f9bfeba2000 rw-p 0000b000 08:07 1189064                    /usr/lib/x86_64-linux-gnu/libdrm_radeon.so.1.0.1
7f9bfeba2000-7f9bfeba9000 r-xp 00000000 08:07 1189068                    /usr/lib/x86_64-linux-gnu/libdrm_nouveau.so.2.0.0
7f9bfeba9000-7f9bfeda8000 ---p 00007000 08:07 1189068                    /usr/lib/x86_64-linux-gnu/libdrm_nouveau.so.2.0.0
7f9bfeda8000-7f9bfeda9000 r--p 00006000 08:07 1189068                    /usr/lib/x86_64-linux-gnu/libdrm_nouveau.so.2.0.0
7f9bfeda9000-7f9bfedaa000 rw-p 00007000 08:07 1189068                    /usr/lib/x86_64-linux-gnu/libdrm_nouveau.so.2.0.0
7f9bfedaa000-7f9bfedcc000 r-xp 00000000 08:07 1201119                    /usr/lib/x86_64-linux-gnu/libdrm_intel.so.1.0.0
7f9bfedcc000-7f9bfefcc000 ---p 00022000 08:07 1201119                    /usr/lib/x86_64-linux-gnu/libdrm_intel.so.1.0.0
7f9bfefcc000-7f9bfefcd000 r--p 00022000 08:07 1201119                    /usr/lib/x86_64-linux-gnu/libdrm_intel.so.1.0.0
7f9bfefcd000-7f9bfefce000 rw-p 00023000 08:07 1201119                    /usr/lib/x86_64-linux-gnu/libdrm_intel.so.1.0.0
7f9bfefce000-7f9bff7fb000 r-xp 00000000 08:07 1442411                    /usr/lib/x86_64-linux-gnu/dri/i965_dri.so
7f9bff7fb000-7f9bff9fb000 ---p 0082d000 08:07 1442411                    /usr/lib/x86_64-linux-gnu/dri/i965_dri.so
7f9bff9fb000-7f9bffa4b000 r--p 0082d000 08:07 1442411                    /usr/lib/x86_64-linux-gnu/dri/i965_dri.so
7f9bffa4b000-7f9bffa54000 rw-p 0087d000 08:07 1442411                    /usr/lib/x86_64-linux-gnu/dri/i965_dri.so
7f9bffa54000-7f9bffabb000 rw-p 00000000 00:00 0 
7f9bffabb000-7f9bffac1000 r-xp 00000000 08:07 1189010                    /usr/lib/x86_64-linux-gnu/libdatrie.so.1.3.3
7f9bffac1000-7f9bffcc1000 ---p 00006000 08:07 1189010                    /usr/lib/x86_64-linux-gnu/libdatrie.so.1.3.3
7f9bffcc1000-7f9bffcc2000 r--p 00006000 08:07 1189010                    /usr/lib/x86_64-linux-gnu/libdatrie.so.1.3.3
7f9bffcc2000-7f9bffcc3000 rw-p 00007000 08:07 1189010                    /usr/lib/x86_64-linux-gnu/libdatrie.so.1.3.3
7f9bffcc3000-7f9bffcc8000 r-xp 00000000 08:07 1188760                    /usr/lib/x86_64-linux-gnu/libXdmcp.so.6.0.0
7f9bffcc8000-7f9bffec7000 ---p 00005000 08:07 1188760                    /usr/lib/x86_64-linux-gnu/libXdmcp.so.6.0.0
7f9bffec7000-7f9bffec8000 r--p 00004000 08:07 1188760                    /usr/lib/x86_64-linux-gnu/libXdmcp.so.6.0.0
7f9bffec8000-7f9bffec9000 rw-p 00005000 08:07 1188760                    /usr/lib/x86_64-linux-gnu/libXdmcp.so.6.0.0
7f9bffec9000-7f9bffecb000 r-xp 00000000 08:07 1188749                    /usr/lib/x86_64-linux-gnu/libXau.so.6.0.0
7f9bffecb000-7f9c000cb000 ---p 00002000 08:07 1188749                    /usr/lib/x86_64-linux-gnu/libXau.so.6.0.0
7f9c000cb000-7f9c000cc000 r--p 00002000 08:07 1188749                    /usr/lib/x86_64-linux-gnu/libXau.so.6.0.0
7f9c000cc000-7f9c000cd000 rw-p 00003000 08:07 1188749                    /usr/lib/x86_64-linux-gnu/libXau.so.6.0.0
7f9c000cd000-7f9c000f1000 r-xp 00000000 08:07 1181067                    /usr/lib/x86_64-linux-gnu/libgraphite2.so.3.0.1
7f9c000f1000-7f9c002f0000 ---p 00024000 08:07 1181067                    /usr/lib/x86_64-linux-gnu/libgraphite2.so.3.0.1
7f9c002f0000-7f9c002f2000 r--p 00023000 08:07 1181067                    /usr/lib/x86_64-linux-gnu/libgraphite2.so.3.0.1
7f9c002f2000-7f9c002f3000 rw-p 00025000 08:07 1181067                    /usr/lib/x86_64-linux-gnu/libgraphite2.so.3.0.1
7f9c002f3000-7f9c00303000 r-xp 00000000 08:07 1185177                    /usr/lib/x86_64-linux-gnu/libdrm.so.2.4.0
7f9c00303000-7f9c00502000 ---p 00010000 08:07 1185177                    /usr/lib/x86_64-linux-gnu/libdrm.so.2.4.0
7f9c00502000-7f9c00503000 r--p 0000f000 08:07 1185177                    /usr/lib/x86_64-linux-gnu/libdrm.so.2.4.0
7f9c00503000-7f9c00504000 rw-p 00010000 08:07 1185177                    /usr/lib/x86_64-linux-gnu/libdrm.so.2.4.0
7f9c00504000-7f9c00508000 r-xp 00000000 08:07 1190135                    /usr/lib/x86_64-linux-gnu/libxcb-dri2.so.0.0.0
7f9c00508000-7f9c00707000 ---p 00004000 08:07 1190135                    /usr/lib/x86_64-linux-gnu/libxcb-dri2.so.0.0.0
7f9c00707000-7f9c00708000 r--p 00003000 08:07 1190135                    /usr/lib/x86_64-linux-gnu/libxcb-dri2.so.0.0.0
7f9c00708000-7f9c00709000 rw-p 00004000 08:07 1190135                    /usr/lib/x86_64-linux-gnu/libxcb-dri2.so.0.0.0
7f9c00709000-7f9c00720000 r-xp 00000000 08:07 1190139                    /usr/lib/x86_64-linux-gnu/libxcb-glx.so.0.0.0
7f9c00720000-7f9c0091f000 ---p 00017000 08:07 1190139                    /usr/lib/x86_64-linux-gnu/libxcb-glx.so.0.0.0
7f9c0091f000-7f9c00921000 r--p 00016000 08:07 1190139                    /usr/lib/x86_64-linux-gnu/libxcb-glx.so.0.0.0
7f9c00921000-7f9c00922000 rw-p 00018000 08:07 1190139                    /usr/lib/x86_64-linux-gnu/libxcb-glx.so.0.0.0
7f9c00922000-7f9c00923000 r-xp 00000000 08:07 1188743                    /usr/lib/x86_64-linux-gnu/libX11-xcb.so.1.0.0
7f9c00923000-7f9c00b22000 ---p 00001000 08:07 1188743                    /usr/lib/x86_64-linux-gnu/libX11-xcb.so.1.0.0
7f9c00b22000-7f9c00b23000 r--p 00000000 08:07 1188743                    /usr/lib/x86_64-linux-gnu/libX11-xcb.so.1.0.0
7f9c00b23000-7f9c00b24000 rw-p 00001000 08:07 1188743                    /usr/lib/x86_64-linux-gnu/libX11-xcb.so.1.0.0
7f9c00b24000-7f9c00b4f000 r-xp 00000000 08:07 1185181                    /usr/lib/x86_64-linux-gnu/libglapi.so.0.0.0
7f9c00b4f000-7f9c00d4e000 ---p 0002b000 08:07 1185181                    /usr/lib/x86_64-linux-gnu/libglapi.so.0.0.0
7f9c00d4e000-7f9c00d52000 r--p 0002a000 08:07 1185181                    /usr/lib/x86_64-linux-gnu/libglapi.so.0.0.0
7f9c00d52000-7f9c00d53000 rw-p 0002e000 08:07 1185181                    /usr/lib/x86_64-linux-gnu/libglapi.so.0.0.0
7f9c00d53000-7f9c00d54000 rw-p 00000000 00:00 0 
7f9c00d54000-7f9c00d55000 r-xp 00000000 08:07 1190179                    /usr/lib/x86_64-linux-gnu/libxshmfence.so.1.0.0
7f9c00d55000-7f9c00f55000 ---p 00001000 08:07 1190179                    /usr/lib/x86_64-linux-gnu/libxshmfence.so.1.0.0
7f9c00f55000-7f9c00f56000 r--p 00001000 08:07 1190179                    /usr/lib/x86_64-linux-gnu/libxshmfence.so.1.0.0
7f9c00f56000-7f9c00f57000 rw-p 00002000 08:07 1190179                    /usr/lib/x86_64-linux-gnu/libxshmfence.so.1.0.0
7f9c00f57000-7f9c00f5c000 r-xp 00000000 08:07 1190159                    /usr/lib/x86_64-linux-gnu/libxcb-sync.so.1.0.0
7f9c00f5c000-7f9c0115c000 ---p 00005000 08:07 1190159                    /usr/lib/x86_64-linux-gnu/libxcb-sync.so.1.0.0
7f9c0115c000-7f9c0115d000 r--p 00005000 08:07 1190159                    /usr/lib/x86_64-linux-gnu/libxcb-sync.so.1.0.0
7f9c0115d000-7f9c0115e000 rw-p 00006000 08:07 1190159                    /usr/lib/x86_64-linux-gnu/libxcb-sync.so.1.0.0
7f9c0115e000-7f9c01160000 r-xp 00000000 08:07 1190147                    /usr/lib/x86_64-linux-gnu/libxcb-present.so.0.0.0
7f9c01160000-7f9c0135f000 ---p 00002000 08:07 1190147                    /usr/lib/x86_64-linux-gnu/libxcb-present.so.0.0.0
7f9c0135f000-7f9c01360000 r--p 00001000 08:07 1190147                    /usr/lib/x86_64-linux-gnu/libxcb-present.so.0.0.0
7f9c01360000-7f9c01361000 rw-p 00002000 08:07 1190147                    /usr/lib/x86_64-linux-gnu/libxcb-present.so.0.0.0
7f9c01361000-7f9c01363000 r-xp 00000000 08:07 1190137                    /usr/lib/x86_64-linux-gnu/libxcb-dri3.so.0.0.0
7f9c01363000-7f9c01562000 ---p 00002000 08:07 1190137                    /usr/lib/x86_64-linux-gnu/libxcb-dri3.so.0.0.0
7f9c01562000-7f9c01563000 r--p 00001000 08:07 1190137                    /usr/lib/x86_64-linux-gnu/libxcb-dri3.so.0.0.0
7f9c01563000-7f9c01564000 rw-p 00002000 08:07 1190137                    /usr/lib/x86_64-linux-gnu/libxcb-dri3.so.0.0.0
7f9c01564000-7f9c015d2000 r-xp 00000000 08:07 529443                     /lib/x86_64-linux-gnu/libpcre.so.3.13.2
7f9c015d2000-7f9c017d2000 ---p 0006e000 08:07 529443                     /lib/x86_64-linux-gnu/libpcre.so.3.13.2
7f9c017d2000-7f9c017d3000 r--p 0006e000 08:07 529443                     /lib/x86_64-linux-gnu/libpcre.so.3.13.2
7f9c017d3000-7f9c017d4000 rw-p 0006f000 08:07 529443                     /lib/x86_64-linux-gnu/libpcre.so.3.13.2
7f9c017d4000-7f9c017db000 r-xp 00000000 08:07 1189139                    /usr/lib/x86_64-linux-gnu/libffi.so.6.0.4
7f9c017db000-7f9c019da000 ---p 00007000 08:07 1189139                    /usr/lib/x86_64-linux-gnu/libffi.so.6.0.4
7f9c019da000-7f9c019db000 r--p 00006000 08:07 1189139                    /usr/lib/x86_64-linux-gnu/libffi.so.6.0.4
7f9c019db000-7f9c019dc000 rw-p 00007000 08:07 1189139                    /usr/lib/x86_64-linux-gnu/libffi.so.6.0.4
7f9c019dc000-7f9c01a02000 r-xp 00000000 08:07 529345                     /lib/x86_64-linux-gnu/libexpat.so.1.6.0
7f9c01a02000-7f9c01c02000 ---p 00026000 08:07 529345                     /lib/x86_64-linux-gnu/libexpat.so.1.6.0
7f9c01c02000-7f9c01c04000 r--p 00026000 08:07 529345                     /lib/x86_64-linux-gnu/libexpat.so.1.6.0
7f9c01c04000-7f9c01c05000 rw-p 00028000 08:07 529345                     /lib/x86_64-linux-gnu/libexpat.so.1.6.0
7f9c01c05000-7f9c01c0d000 r-xp 00000000 08:07 1189939                    /usr/lib/x86_64-linux-gnu/libthai.so.0.2.4
7f9c01c0d000-7f9c01e0c000 ---p 00008000 08:07 1189939                    /usr/lib/x86_64-linux-gnu/libthai.so.0.2.4
7f9c01e0c000-7f9c01e0d000 r--p 00007000 08:07 1189939                    /usr/lib/x86_64-linux-gnu/libthai.so.0.2.4
7f9c01e0d000-7f9c01e0e000 rw-p 00008000 08:07 1189939                    /usr/lib/x86_64-linux-gnu/libthai.so.0.2.4
7f9c01e0e000-7f9c01e2f000 r-xp 00000000 08:07 1190167                    /usr/lib/x86_64-linux-gnu/libxcb.so.1.1.0
7f9c01e2f000-7f9c0202e000 ---p 00021000 08:07 1190167                    /usr/lib/x86_64-linux-gnu/libxcb.so.1.1.0
7f9c0202e000-7f9c0202f000 r--p 00020000 08:07 1190167                    /usr/lib/x86_64-linux-gnu/libxcb.so.1.1.0
7f9c0202f000-7f9c02030000 rw-p 00021000 08:07 1190167                    /usr/lib/x86_64-linux-gnu/libxcb.so.1.1.0
7f9c02030000-7f9c02038000 r-xp 00000000 08:07 1190153                    /usr/lib/x86_64-linux-gnu/libxcb-render.so.0.0.0
7f9c02038000-7f9c02238000 ---p 00008000 08:07 1190153                    /usr/lib/x86_64-linux-gnu/libxcb-render.so.0.0.0
7f9c02238000-7f9c02239000 r--p 00008000 08:07 1190153                    /usr/lib/x86_64-linux-gnu/libxcb-render.so.0.0.0
7f9c02239000-7f9c0223a000 rw-p 00009000 08:07 1190153                    /usr/lib/x86_64-linux-gnu/libxcb-render.so.0.0.0
7f9c0223a000-7f9c0223c000 r-xp 00000000 08:07 1190157                    /usr/lib/x86_64-linux-gnu/libxcb-shm.so.0.0.0
7f9c0223c000-7f9c0243c000 ---p 00002000 08:07 1190157                    /usr/lib/x86_64-linux-gnu/libxcb-shm.so.0.0.0
7f9c0243c000-7f9c0243d000 r--p 00002000 08:07 1190157                    /usr/lib/x86_64-linux-gnu/libxcb-shm.so.0.0.0
7f9c0243d000-7f9c0243e000 rw-p 00003000 08:07 1190157                    /usr/lib/x86_64-linux-gnu/libxcb-shm.so.0.0.0
7f9c0243e000-7f9c02462000 r-xp 00000000 08:07 529455                     /lib/x86_64-linux-gnu/libpng12.so.0.54.0
7f9c02462000-7f9c02661000 ---p 00024000 08:07 529455                     /lib/x86_64-linux-gnu/libpng12.so.0.54.0
7f9c02661000-7f9c02662000 r--p 00023000 08:07 529455                     /lib/x86_64-linux-gnu/libpng12.so.0.54.0
7f9c02662000-7f9c02663000 rw-p 00024000 08:07 529455                     /lib/x86_64-linux-gnu/libpng12.so.0.54.0
7f9c02663000-7f9c02702000 r-xp 00000000 08:07 1189738                    /usr/lib/x86_64-linux-gnu/libpixman-1.so.0.33.6
7f9c02702000-7f9c02902000 ---p 0009f000 08:07 1189738                    /usr/lib/x86_64-linux-gnu/libpixman-1.so.0.33.6
7f9c02902000-7f9c0290a000 r--p 0009f000 08:07 1189738                    /usr/lib/x86_64-linux-gnu/libpixman-1.so.0.33.6
7f9c0290a000-7f9c0290b000 rw-p 000a7000 08:07 1189738                    /usr/lib/x86_64-linux-gnu/libpixman-1.so.0.33.6
7f9c0290b000-7f9c02967000 r-xp 00000000 08:07 1189402                    /usr/lib/x86_64-linux-gnu/libharfbuzz.so.0.10000.1
7f9c02967000-7f9c02b67000 ---p 0005c000 08:07 1189402                    /usr/lib/x86_64-linux-gnu/libharfbuzz.so.0.10000.1
7f9c02b67000-7f9c02b68000 r--p 0005c000 08:07 1189402                    /usr/lib/x86_64-linux-gnu/libharfbuzz.so.0.10000.1
7f9c02b68000-7f9c02b69000 rw-p 0005d000 08:07 1189402                    /usr/lib/x86_64-linux-gnu/libharfbuzz.so.0.10000.1
7f9c02b69000-7f9c02b80000 r-xp 00000000 08:07 529466                     /lib/x86_64-linux-gnu/libresolv-2.23.so
7f9c02b80000-7f9c02d80000 ---p 00017000 08:07 529466                     /lib/x86_64-linux-gnu/libresolv-2.23.so
7f9c02d80000-7f9c02d81000 r--p 00017000 08:07 529466                     /lib/x86_64-linux-gnu/libresolv-2.23.so
7f9c02d81000-7f9c02d82000 rw-p 00018000 08:07 529466                     /lib/x86_64-linux-gnu/libresolv-2.23.so
7f9c02d82000-7f9c02d84000 rw-p 00000000 00:00 0 
7f9c02d84000-7f9c02da3000 r-xp 00000000 08:07 529472                     /lib/x86_64-linux-gnu/libselinux.so.1
7f9c02da3000-7f9c02fa2000 ---p 0001f000 08:07 529472                     /lib/x86_64-linux-gnu/libselinux.so.1
7f9c02fa2000-7f9c02fa3000 r--p 0001e000 08:07 529472                     /lib/x86_64-linux-gnu/libselinux.so.1
7f9c02fa3000-7f9c02fa4000 rw-p 0001f000 08:07 529472                     /lib/x86_64-linux-gnu/libselinux.so.1
7f9c02fa4000-7f9c02fa6000 rw-p 00000000 00:00 0 
7f9c02fa6000-7f9c02fbf000 r-xp 00000000 08:07 529505                     /lib/x86_64-linux-gnu/libz.so.1.2.8
7f9c02fbf000-7f9c031be000 ---p 00019000 08:07 529505                     /lib/x86_64-linux-gnu/libz.so.1.2.8
7f9c031be000-7f9c031bf000 r--p 00018000 08:07 529505                     /lib/x86_64-linux-gnu/libz.so.1.2.8
7f9c031bf000-7f9c031c0000 rw-p 00019000 08:07 529505                     /lib/x86_64-linux-gnu/libz.so.1.2.8
7f9c031c0000-7f9c031d1000 r-xp 00000000 08:07 1188762                    /usr/lib/x86_64-linux-gnu/libXext.so.6.4.0
7f9c031d1000-7f9c033d0000 ---p 00011000 08:07 1188762                    /usr/lib/x86_64-linux-gnu/libXext.so.6.4.0
7f9c033d0000-7f9c033d1000 r--p 00010000 08:07 1188762                    /usr/lib/x86_64-linux-gnu/libXext.so.6.4.0
7f9c033d1000-7f9c033d2000 rw-p 00011000 08:07 1188762                    /usr/lib/x86_64-linux-gnu/libXext.so.6.4.0
7f9c033d2000-7f9c033d4000 r-xp 00000000 08:07 1188758                    /usr/lib/x86_64-linux-gnu/libXdamage.so.1.1.0
7f9c033d4000-7f9c035d3000 ---p 00002000 08:07 1188758                    /usr/lib/x86_64-linux-gnu/libXdamage.so.1.1.0
7f9c035d3000-7f9c035d4000 r--p 00001000 08:07 1188758                    /usr/lib/x86_64-linux-gnu/libXdamage.so.1.1.0
7f9c035d4000-7f9c035d5000 rw-p 00002000 08:07 1188758                    /usr/lib/x86_64-linux-gnu/libXdamage.so.1.1.0
7f9c035d5000-7f9c035d7000 r-xp 00000000 08:07 1188754                    /usr/lib/x86_64-linux-gnu/libXcomposite.so.1.0.0
7f9c035d7000-7f9c037d6000 ---p 00002000 08:07 1188754                    /usr/lib/x86_64-linux-gnu/libXcomposite.so.1.0.0
7f9c037d6000-7f9c037d7000 r--p 00001000 08:07 1188754                    /usr/lib/x86_64-linux-gnu/libXcomposite.so.1.0.0
7f9c037d7000-7f9c037d8000 rw-p 00002000 08:07 1188754                    /usr/lib/x86_64-linux-gnu/libXcomposite.so.1.0.0
7f9c037d8000-7f9c037e1000 r-xp 00000000 08:07 1179856                    /usr/lib/x86_64-linux-gnu/libXcursor.so.1.0.2
7f9c037e1000-7f9c039e0000 ---p 00009000 08:07 1179856                    /usr/lib/x86_64-linux-gnu/libXcursor.so.1.0.2
7f9c039e0000-7f9c039e1000 r--p 00008000 08:07 1179856                    /usr/lib/x86_64-linux-gnu/libXcursor.so.1.0.2
7f9c039e1000-7f9c039e2000 rw-p 00009000 08:07 1179856                    /usr/lib/x86_64-linux-gnu/libXcursor.so.1.0.2
7f9c039e2000-7f9c039ec000 r-xp 00000000 08:07 1188782                    /usr/lib/x86_64-linux-gnu/libXrandr.so.2.2.0
7f9c039ec000-7f9c03beb000 ---p 0000a000 08:07 1188782                    /usr/lib/x86_64-linux-gnu/libXrandr.so.2.2.0
7f9c03beb000-7f9c03bec000 r--p 00009000 08:07 1188782                    /usr/lib/x86_64-linux-gnu/libXrandr.so.2.2.0
7f9c03bec000-7f9c03bed000 rw-p 0000a000 08:07 1188782                    /usr/lib/x86_64-linux-gnu/libXrandr.so.2.2.0
7f9c03bed000-7f9c03bfc000 r-xp 00000000 08:07 1188772                    /usr/lib/x86_64-linux-gnu/libXi.so.6.1.0
7f9c03bfc000-7f9c03dfb000 ---p 0000f000 08:07 1188772                    /usr/lib/x86_64-linux-gnu/libXi.so.6.1.0
7f9c03dfb000-7f9c03dfc000 r--p 0000e000 08:07 1188772                    /usr/lib/x86_64-linux-gnu/libXi.so.6.1.0
7f9c03dfc000-7f9c03dfd000 rw-p 0000f000 08:07 1188772                    /usr/lib/x86_64-linux-gnu/libXi.so.6.1.0
7f9c03dfd000-7f9c03dff000 r-xp 00000000 08:07 1188774                    /usr/lib/x86_64-linux-gnu/libXinerama.so.1.0.0
7f9c03dff000-7f9c03ffe000 ---p 00002000 08:07 1188774                    /usr/lib/x86_64-linux-gnu/libXinerama.so.1.0.0
7f9c03ffe000-7f9c03fff000 r--p 00001000 08:07 1188774                    /usr/lib/x86_64-linux-gnu/libXinerama.so.1.0.0
7f9c03fff000-7f9c04000000 rw-p 00002000 08:07 1188774                    /usr/lib/x86_64-linux-gnu/libXinerama.so.1.0.0
7f9c04000000-7f9c0620a000 rw-p 00000000 00:00 0 
7f9c0620a000-7f9c08000000 ---p 00000000 00:00 0 
7f9c08000000-7f9c08021000 rw-p 00000000 00:00 0 
7f9c08021000-7f9c0c000000 ---p 00000000 00:00 0 
7f9c0c000000-7f9c0c001000 rw-s 00000000 00:05 326664                     /drm mm object (deleted)
7f9c0c001000-7f9c0c014000 r--p 00000000 08:07 1583327                    /usr/lib/jvm/java-8-oracle/jre/lib/fonts/LucidaBrightDemiItalic.ttf
7f9c0c014000-7f9c0c028000 r--p 00000000 08:07 1583322                    /usr/lib/jvm/java-8-oracle/jre/lib/fonts/LucidaBrightItalic.ttf
7f9c0c028000-7f9c0c076000 r--p 00000000 08:07 1583325                    /usr/lib/jvm/java-8-oracle/jre/lib/fonts/LucidaSansDemiBold.ttf
7f9c0c076000-7f9c0c089000 r--p 00000000 08:07 1583330                    /usr/lib/jvm/java-8-oracle/jre/lib/fonts/LucidaBrightDemiBold.ttf
7f9c0c089000-7f9c0c08e000 r--s 00084000 08:07 1583310                    /usr/lib/jvm/java-8-oracle/jre/lib/jfr.jar
7f9c0c08e000-7f9c0c099000 r--s 00000000 08:07 3670229                    /var/cache/fontconfig/945677eb7aeaf62f1d50efc3fb3ec7d8-le64.cache-6
7f9c0c099000-7f9c0c0ae000 r--s 00000000 08:07 3670205                    /var/cache/fontconfig/04aabc0a78ac019cf9454389977116d2-le64.cache-6
7f9c0c0ae000-7f9c0c0e9000 r--s 00000000 08:07 3670241                    /var/cache/fontconfig/365b55f210c0a22e9a19e35191240f32-le64.cache-6
7f9c0c0e9000-7f9c0c0f2000 r-xp 00000000 08:07 1188784                    /usr/lib/x86_64-linux-gnu/libXrender.so.1.3.0
7f9c0c0f2000-7f9c0c2f1000 ---p 00009000 08:07 1188784                    /usr/lib/x86_64-linux-gnu/libXrender.so.1.3.0
7f9c0c2f1000-7f9c0c2f2000 r--p 00008000 08:07 1188784                    /usr/lib/x86_64-linux-gnu/libXrender.so.1.3.0
7f9c0c2f2000-7f9c0c2f3000 rw-p 00009000 08:07 1188784                    /usr/lib/x86_64-linux-gnu/libXrender.so.1.3.0
7f9c0c2f3000-7f9c0c2f8000 r-xp 00000000 08:07 1188764                    /usr/lib/x86_64-linux-gnu/libXfixes.so.3.1.0
7f9c0c2f8000-7f9c0c4f7000 ---p 00005000 08:07 1188764                    /usr/lib/x86_64-linux-gnu/libXfixes.so.3.1.0
7f9c0c4f7000-7f9c0c4f8000 r--p 00004000 08:07 1188764                    /usr/lib/x86_64-linux-gnu/libXfixes.so.3.1.0
7f9c0c4f8000-7f9c0c4f9000 rw-p 00005000 08:07 1188764                    /usr/lib/x86_64-linux-gnu/libXfixes.so.3.1.0
7f9c0c4f9000-7f9c0c50f000 r-xp 00000000 08:07 529352                     /lib/x86_64-linux-gnu/libgcc_s.so.1
7f9c0c50f000-7f9c0c70e000 ---p 00016000 08:07 529352                     /lib/x86_64-linux-gnu/libgcc_s.so.1
7f9c0c70e000-7f9c0c70f000 rw-p 00015000 08:07 529352                     /lib/x86_64-linux-gnu/libgcc_s.so.1
7f9c0c70f000-7f9c0c881000 r-xp 00000000 08:07 1179836                    /usr/lib/x86_64-linux-gnu/libstdc++.so.6.0.21
7f9c0c881000-7f9c0ca81000 ---p 00172000 08:07 1179836                    /usr/lib/x86_64-linux-gnu/libstdc++.so.6.0.21
7f9c0ca81000-7f9c0ca8b000 r--p 00172000 08:07 1179836                    /usr/lib/x86_64-linux-gnu/libstdc++.so.6.0.21
7f9c0ca8b000-7f9c0ca8d000 rw-p 0017c000 08:07 1179836                    /usr/lib/x86_64-linux-gnu/libstdc++.so.6.0.21
7f9c0ca8d000-7f9c0ca91000 rw-p 00000000 00:00 0 
7f9c0ca91000-7f9c0caff000 r-xp 00000000 08:07 1442445                    /usr/lib/x86_64-linux-gnu/mesa/libGL.so.1.2.0
7f9c0caff000-7f9c0ccff000 ---p 0006e000 08:07 1442445                    /usr/lib/x86_64-linux-gnu/mesa/libGL.so.1.2.0
7f9c0ccff000-7f9c0cd02000 r--p 0006e000 08:07 1442445                    /usr/lib/x86_64-linux-gnu/mesa/libGL.so.1.2.0
7f9c0cd02000-7f9c0cd03000 rw-p 00071000 08:07 1442445                    /usr/lib/x86_64-linux-gnu/mesa/libGL.so.1.2.0
7f9c0cd03000-7f9c0cd04000 rw-p 00000000 00:00 0 
7f9c0cd04000-7f9c0cd09000 r-xp 00000000 08:07 1188800                    /usr/lib/x86_64-linux-gnu/libXxf86vm.so.1.0.0
7f9c0cd09000-7f9c0cf08000 ---p 00005000 08:07 1188800                    /usr/lib/x86_64-linux-gnu/libXxf86vm.so.1.0.0
7f9c0cf08000-7f9c0cf09000 r--p 00004000 08:07 1188800                    /usr/lib/x86_64-linux-gnu/libXxf86vm.so.1.0.0
7f9c0cf09000-7f9c0cf0a000 rw-p 00005000 08:07 1188800                    /usr/lib/x86_64-linux-gnu/libXxf86vm.so.1.0.0
7f9c0cf0a000-7f9c0d03f000 r-xp 00000000 08:07 1188745                    /usr/lib/x86_64-linux-gnu/libX11.so.6.3.0
7f9c0d03f000-7f9c0d23f000 ---p 00135000 08:07 1188745                    /usr/lib/x86_64-linux-gnu/libX11.so.6.3.0
7f9c0d23f000-7f9c0d240000 r--p 00135000 08:07 1188745                    /usr/lib/x86_64-linux-gnu/libX11.so.6.3.0
7f9c0d240000-7f9c0d244000 rw-p 00136000 08:07 1188745                    /usr/lib/x86_64-linux-gnu/libX11.so.6.3.0
7f9c0d244000-7f9c0d249000 r-xp 00000000 08:07 1188790                    /usr/lib/x86_64-linux-gnu/libXtst.so.6.1.0
7f9c0d249000-7f9c0d448000 ---p 00005000 08:07 1188790                    /usr/lib/x86_64-linux-gnu/libXtst.so.6.1.0
7f9c0d448000-7f9c0d449000 r--p 00004000 08:07 1188790                    /usr/lib/x86_64-linux-gnu/libXtst.so.6.1.0
7f9c0d449000-7f9c0d44a000 rw-p 00005000 08:07 1188790                    /usr/lib/x86_64-linux-gnu/libXtst.so.6.1.0
7f9c0d44a000-7f9c0d559000 r-xp 00000000 08:07 529356                     /lib/x86_64-linux-gnu/libglib-2.0.so.0.4800.2
7f9c0d559000-7f9c0d758000 ---p 0010f000 08:07 529356                     /lib/x86_64-linux-gnu/libglib-2.0.so.0.4800.2
7f9c0d758000-7f9c0d759000 r--p 0010e000 08:07 529356                     /lib/x86_64-linux-gnu/libglib-2.0.so.0.4800.2
7f9c0d759000-7f9c0d75a000 rw-p 0010f000 08:07 529356                     /lib/x86_64-linux-gnu/libglib-2.0.so.0.4800.2
7f9c0d75a000-7f9c0d75b000 rw-p 00000000 00:00 0 
7f9c0d75b000-7f9c0d75c000 r-xp 00000000 08:07 1189367                    /usr/lib/x86_64-linux-gnu/libgthread-2.0.so.0.4800.2
7f9c0d75c000-7f9c0d95b000 ---p 00001000 08:07 1189367                    /usr/lib/x86_64-linux-gnu/libgthread-2.0.so.0.4800.2
7f9c0d95b000-7f9c0d95c000 r--p 00000000 08:07 1189367                    /usr/lib/x86_64-linux-gnu/libgthread-2.0.so.0.4800.2
7f9c0d95c000-7f9c0d95d000 rw-p 00001000 08:07 1189367                    /usr/lib/x86_64-linux-gnu/libgthread-2.0.so.0.4800.2
7f9c0d95d000-7f9c0d960000 r-xp 00000000 08:07 1189270                    /usr/lib/x86_64-linux-gnu/libgmodule-2.0.so.0.4800.2
7f9c0d960000-7f9c0db5f000 ---p 00003000 08:07 1189270                    /usr/lib/x86_64-linux-gnu/libgmodule-2.0.so.0.4800.2
7f9c0db5f000-7f9c0db60000 r--p 00002000 08:07 1189270                    /usr/lib/x86_64-linux-gnu/libgmodule-2.0.so.0.4800.2
7f9c0db60000-7f9c0db61000 rw-p 00003000 08:07 1189270                    /usr/lib/x86_64-linux-gnu/libgmodule-2.0.so.0.4800.2
7f9c0db61000-7f9c0dbb3000 r-xp 00000000 08:07 1189294                    /usr/lib/x86_64-linux-gnu/libgobject-2.0.so.0.4800.2
7f9c0dbb3000-7f9c0ddb2000 ---p 00052000 08:07 1189294                    /usr/lib/x86_64-linux-gnu/libgobject-2.0.so.0.4800.2
7f9c0ddb2000-7f9c0ddb3000 r--p 00051000 08:07 1189294                    /usr/lib/x86_64-linux-gnu/libgobject-2.0.so.0.4800.2
7f9c0ddb3000-7f9c0ddb4000 rw-p 00052000 08:07 1189294                    /usr/lib/x86_64-linux-gnu/libgobject-2.0.so.0.4800.2
7f9c0ddb4000-7f9c0ddf1000 r-xp 00000000 08:07 1189153                    /usr/lib/x86_64-linux-gnu/libfontconfig.so.1.9.0
7f9c0ddf1000-7f9c0dff0000 ---p 0003d000 08:07 1189153                    /usr/lib/x86_64-linux-gnu/libfontconfig.so.1.9.0
7f9c0dff0000-7f9c0dff2000 r--p 0003c000 08:07 1189153                    /usr/lib/x86_64-linux-gnu/libfontconfig.so.1.9.0
7f9c0dff2000-7f9c0dff7000 rw-p 0003e000 08:07 1189153                    /usr/lib/x86_64-linux-gnu/libfontconfig.so.1.9.0
7f9c0dff7000-7f9c0e09b000 r-xp 00000000 08:07 1189187                    /usr/lib/x86_64-linux-gnu/libfreetype.so.6.12.1
7f9c0e09b000-7f9c0e29a000 ---p 000a4000 08:07 1189187                    /usr/lib/x86_64-linux-gnu/libfreetype.so.6.12.1
7f9c0e29a000-7f9c0e2a0000 r--p 000a3000 08:07 1189187                    /usr/lib/x86_64-linux-gnu/libfreetype.so.6.12.1
7f9c0e2a0000-7f9c0e2a1000 rw-p 000a9000 08:07 1189187                    /usr/lib/x86_64-linux-gnu/libfreetype.so.6.12.1
7f9c0e2a1000-7f9c0e2ea000 r-xp 00000000 08:07 1189708                    /usr/lib/x86_64-linux-gnu/libpango-1.0.so.0.3800.1
7f9c0e2ea000-7f9c0e4ea000 ---p 00049000 08:07 1189708                    /usr/lib/x86_64-linux-gnu/libpango-1.0.so.0.3800.1
7f9c0e4ea000-7f9c0e4ec000 r--p 00049000 08:07 1189708                    /usr/lib/x86_64-linux-gnu/libpango-1.0.so.0.3800.1
7f9c0e4ec000-7f9c0e4ed000 rw-p 0004b000 08:07 1189708                    /usr/lib/x86_64-linux-gnu/libpango-1.0.so.0.3800.1
7f9c0e4ed000-7f9c0e5fb000 r-xp 00000000 08:07 1188912                    /usr/lib/x86_64-linux-gnu/libcairo.so.2.11400.6
7f9c0e5fb000-7f9c0e7fb000 ---p 0010e000 08:07 1188912                    /usr/lib/x86_64-linux-gnu/libcairo.so.2.11400.6
7f9c0e7fb000-7f9c0e7fe000 r--p 0010e000 08:07 1188912                    /usr/lib/x86_64-linux-gnu/libcairo.so.2.11400.6
7f9c0e7fe000-7f9c0e7ff000 rw-p 00111000 08:07 1188912                    /usr/lib/x86_64-linux-gnu/libcairo.so.2.11400.6
7f9c0e7ff000-7f9c0e801000 rw-p 00000000 00:00 0 
7f9c0e801000-7f9c0e80d000 r-xp 00000000 08:07 1189710                    /usr/lib/x86_64-linux-gnu/libpangocairo-1.0.so.0.3800.1
7f9c0e80d000-7f9c0ea0c000 ---p 0000c000 08:07 1189710                    /usr/lib/x86_64-linux-gnu/libpangocairo-1.0.so.0.3800.1
7f9c0ea0c000-7f9c0ea0d000 r--p 0000b000 08:07 1189710                    /usr/lib/x86_64-linux-gnu/libpangocairo-1.0.so.0.3800.1
7f9c0ea0d000-7f9c0ea0e000 rw-p 0000c000 08:07 1189710                    /usr/lib/x86_64-linux-gnu/libpangocairo-1.0.so.0.3800.1
7f9c0ea0e000-7f9c0ea2f000 r-xp 00000000 08:07 1179768                    /usr/lib/x86_64-linux-gnu/libgdk_pixbuf-2.0.so.0.3200.2
7f9c0ea2f000-7f9c0ec2e000 ---p 00021000 08:07 1179768                    /usr/lib/x86_64-linux-gnu/libgdk_pixbuf-2.0.so.0.3200.2
7f9c0ec2e000-7f9c0ec2f000 r--p 00020000 08:07 1179768                    /usr/lib/x86_64-linux-gnu/libgdk_pixbuf-2.0.so.0.3200.2
7f9c0ec2f000-7f9c0ec30000 rw-p 00021000 08:07 1179768                    /usr/lib/x86_64-linux-gnu/libgdk_pixbuf-2.0.so.0.3200.2
7f9c0ec30000-7f9c0ec44000 r-xp 00000000 08:07 1189712                    /usr/lib/x86_64-linux-gnu/libpangoft2-1.0.so.0.3800.1
7f9c0ec44000-7f9c0ee44000 ---p 00014000 08:07 1189712                    /usr/lib/x86_64-linux-gnu/libpangoft2-1.0.so.0.3800.1
7f9c0ee44000-7f9c0ee45000 r--p 00014000 08:07 1189712                    /usr/lib/x86_64-linux-gnu/libpangoft2-1.0.so.0.3800.1
7f9c0ee45000-7f9c0ee46000 rw-p 00015000 08:07 1189712                    /usr/lib/x86_64-linux-gnu/libpangoft2-1.0.so.0.3800.1
7f9c0ee46000-7f9c0efc6000 r-xp 00000000 08:07 1189256                    /usr/lib/x86_64-linux-gnu/libgio-2.0.so.0.4800.2
7f9c0efc6000-7f9c0f1c6000 ---p 00180000 08:07 1189256                    /usr/lib/x86_64-linux-gnu/libgio-2.0.so.0.4800.2
7f9c0f1c6000-7f9c0f1ca000 r--p 00180000 08:07 1189256                    /usr/lib/x86_64-linux-gnu/libgio-2.0.so.0.4800.2
7f9c0f1ca000-7f9c0f1cc000 rw-p 00184000 08:07 1189256                    /usr/lib/x86_64-linux-gnu/libgio-2.0.so.0.4800.2
7f9c0f1cc000-7f9c0f1ce000 rw-p 00000000 00:00 0 
7f9c0f1ce000-7f9c0f1f0000 r-xp 00000000 08:07 1188855                    /usr/lib/x86_64-linux-gnu/libatk-1.0.so.0.21809.1
7f9c0f1f0000-7f9c0f3ef000 ---p 00022000 08:07 1188855                    /usr/lib/x86_64-linux-gnu/libatk-1.0.so.0.21809.1
7f9c0f3ef000-7f9c0f3f2000 r--p 00021000 08:07 1188855                    /usr/lib/x86_64-linux-gnu/libatk-1.0.so.0.21809.1
7f9c0f3f2000-7f9c0f3f3000 rw-p 00024000 08:07 1188855                    /usr/lib/x86_64-linux-gnu/libatk-1.0.so.0.21809.1
7f9c0f3f3000-7f9c0f4a3000 r-xp 00000000 08:07 1179944                    /usr/lib/x86_64-linux-gnu/libgdk-x11-2.0.so.0.2400.30
7f9c0f4a3000-7f9c0f6a2000 ---p 000b0000 08:07 1179944                    /usr/lib/x86_64-linux-gnu/libgdk-x11-2.0.so.0.2400.30
7f9c0f6a2000-7f9c0f6a6000 r--p 000af000 08:07 1179944                    /usr/lib/x86_64-linux-gnu/libgdk-x11-2.0.so.0.2400.30
7f9c0f6a6000-7f9c0f6a8000 rw-p 000b3000 08:07 1179944                    /usr/lib/x86_64-linux-gnu/libgdk-x11-2.0.so.0.2400.30
7f9c0f6a8000-7f9c0fae6000 r-xp 00000000 08:07 1179987                    /usr/lib/x86_64-linux-gnu/libgtk-x11-2.0.so.0.2400.30
7f9c0fae6000-7f9c0fce5000 ---p 0043e000 08:07 1179987                    /usr/lib/x86_64-linux-gnu/libgtk-x11-2.0.so.0.2400.30
7f9c0fce5000-7f9c0fcec000 r--p 0043d000 08:07 1179987                    /usr/lib/x86_64-linux-gnu/libgtk-x11-2.0.so.0.2400.30
7f9c0fcec000-7f9c0fcf0000 rw-p 00444000 08:07 1179987                    /usr/lib/x86_64-linux-gnu/libgtk-x11-2.0.so.0.2400.30
7f9c0fcf0000-7f9c0fcf3000 rw-p 00000000 00:00 0 
7f9c0fcf3000-7f9c0fcff000 r-xp 00000000 08:07 1583410                    /usr/lib/jvm/java-8-oracle/jre/lib/amd64/libprism_es2.so
7f9c0fcff000-7f9c0fefe000 ---p 0000c000 08:07 1583410                    /usr/lib/jvm/java-8-oracle/jre/lib/amd64/libprism_es2.so
7f9c0fefe000-7f9c0feff000 rw-p 0000b000 08:07 1583410                    /usr/lib/jvm/java-8-oracle/jre/lib/amd64/libprism_es2.so
7f9c0feff000-7f9c0ff02000 ---p 00000000 00:00 0 
7f9c0ff02000-7f9c10000000 rw-p 00000000 00:00 0 
7f9c10000000-7f9c108ef000 rw-p 00000000 00:00 0 
7f9c108ef000-7f9c14000000 ---p 00000000 00:00 0 
7f9c14000000-7f9c14021000 rw-p 00000000 00:00 0 
7f9c14021000-7f9c18000000 ---p 00000000 00:00 0 
7f9c18000000-7f9c18ef4000 rw-p 00000000 00:00 0 
7f9c18ef4000-7f9c1c000000 ---p 00000000 00:00 0 
7f9c1c000000-7f9c1d36f000 rw-p 00000000 00:00 0 
7f9c1d36f000-7f9c20000000 ---p 00000000 00:00 0 
7f9c20000000-7f9c20021000 rw-p 00000000 00:00 0 
7f9c20021000-7f9c24000000 ---p 00000000 00:00 0 
7f9c24000000-7f9c24021000 rw-p 00000000 00:00 0 
7f9c24021000-7f9c28000000 ---p 00000000 00:00 0 
7f9c28000000-7f9c28021000 rw-p 00000000 00:00 0 
7f9c28021000-7f9c2c000000 ---p 00000000 00:00 0 
7f9c2c000000-7f9c2c021000 rw-p 00000000 00:00 0 
7f9c2c021000-7f9c30000000 ---p 00000000 00:00 0 
7f9c30000000-7f9c30001000 rw-s 00000000 00:05 322556                     /drm mm object (deleted)
7f9c30001000-7f9c3000a000 r--s 00000000 08:07 3671740                    /var/cache/fontconfig/a6d8cf8e4ec09cdbc8633c31745a07dd-le64.cache-6
7f9c3000a000-7f9c3008a000 r-xp 00000000 08:07 525803                     /lib/x86_64-linux-gnu/libsystemd.so.0.14.0
7f9c3008a000-7f9c3008d000 r--p 0007f000 08:07 525803                     /lib/x86_64-linux-gnu/libsystemd.so.0.14.0
7f9c3008d000-7f9c3008e000 rw-p 00082000 08:07 525803                     /lib/x86_64-linux-gnu/libsystemd.so.0.14.0
7f9c3008e000-7f9c3008f000 rw-p 00000000 00:00 0 
7f9c3008f000-7f9c30125000 r--s 01110000 08:07 1840971                    /usr/lib/jvm/java-8-oracle/jre/lib/ext/jfxrt.jar
7f9c30125000-7f9c30126000 ---p 00000000 00:00 0 
7f9c30126000-7f9c30226000 rw-p 00000000 00:00 0 
7f9c30226000-7f9c30229000 ---p 00000000 00:00 0 
7f9c30229000-7f9c30327000 rw-p 00000000 00:00 0 
7f9c30327000-7f9c3032a000 ---p 00000000 00:00 0 
7f9c3032a000-7f9c33429000 rw-p 00000000 00:00 0 
7f9c33429000-7f9c33440000 r-xp 00000000 08:07 1583406                    /usr/lib/jvm/java-8-oracle/jre/lib/amd64/libnet.so
7f9c33440000-7f9c3363f000 ---p 00017000 08:07 1583406                    /usr/lib/jvm/java-8-oracle/jre/lib/amd64/libnet.so
7f9c3363f000-7f9c33640000 rw-p 00016000 08:07 1583406                    /usr/lib/jvm/java-8-oracle/jre/lib/amd64/libnet.so
7f9c33640000-7f9c34000000 r--p 00000000 08:07 1187525                    /usr/lib/locale/locale-archive
7f9c34000000-7f9c34021000 rw-p 00000000 00:00 0 
7f9c34021000-7f9c38000000 ---p 00000000 00:00 0 
7f9c38000000-7f9c38021000 rw-p 00000000 00:00 0 
7f9c38021000-7f9c3c000000 ---p 00000000 00:00 0 
7f9c3c000000-7f9c3c021000 rw-p 00000000 00:00 0 
7f9c3c021000-7f9c40000000 ---p 00000000 00:00 0 
7f9c40000000-7f9c40021000 rw-p 00000000 00:00 0 
7f9c40021000-7f9c44000000 ---p 00000000 00:00 0 
7f9c44000000-7f9c44021000 rw-p 00000000 00:00 0 
7f9c44021000-7f9c48000000 ---p 00000000 00:00 0 
7f9c48000000-7f9c48002000 rw-s 00000000 00:05 323933                     /drm mm object (deleted)
7f9c48002000-7f9c48004000 r--s 00000000 08:07 3671747                    /var/cache/fontconfig/99e8ed0e538f840c565b6ed5dad60d56-le64.cache-6
7f9c48004000-7f9c4800a000 r--s 00000000 08:07 3670211                    /var/cache/fontconfig/2cd17615ca594fa2959ae173292e504c-le64.cache-6
7f9c4800a000-7f9c4800b000 r--s 00000000 08:07 3670208                    /var/cache/fontconfig/0d8c3b2ac0904cb8a57a757ad11a4a08-le64.cache-6
7f9c4800b000-7f9c4800c000 r--s 00000000 08:07 3670210                    /var/cache/fontconfig/1ac9eb803944fde146138c791f5cc56a-le64.cache-6
7f9c4800c000-7f9c48010000 r--s 00000000 08:07 3670215                    /var/cache/fontconfig/385c0604a188198f04d133e54aba7fe7-le64.cache-6
7f9c48010000-7f9c48011000 r--s 00000000 08:07 3670242                    /var/cache/fontconfig/dc05db6664285cc2f12bf69c139ae4c3-le64.cache-6
7f9c48011000-7f9c48014000 r--s 00000000 08:07 3670225                    /var/cache/fontconfig/767a8244fc0220cfb567a839d0392e0b-le64.cache-6
7f9c48014000-7f9c48015000 r--s 00000000 08:07 3670216                    /var/cache/fontconfig/4794a0821666d79190d59a36cb4f44b5-le64.cache-6
7f9c48015000-7f9c4801a000 r--s 00000000 08:07 3670228                    /var/cache/fontconfig/8801497958630a81b71ace7c5f9b32a8-le64.cache-6
7f9c4801a000-7f9c4801b000 r--s 00000000 08:07 3670235                    /var/cache/fontconfig/bab58bb527bb656aaa9f116d68a48d89-le64.cache-6
7f9c4801b000-7f9c48022000 r--s 00000000 08:07 3670212                    /var/cache/fontconfig/3047814df9a2f067bd2d96a2b9c36e5a-le64.cache-6
7f9c48022000-7f9c48023000 r--s 00000000 08:07 3670219                    /var/cache/fontconfig/56cf4f4769d0f4abc89a4895d7bd3ae1-le64.cache-6
7f9c48023000-7f9c48024000 r--s 00000000 08:07 3670234                    /var/cache/fontconfig/b9d506c9ac06c20b433354fa67a72993-le64.cache-6
7f9c48024000-7f9c4802a000 r--s 00000000 08:07 3670233                    /var/cache/fontconfig/b47c4e1ecd0709278f4910c18777a504-le64.cache-6
7f9c4802a000-7f9c48032000 r--s 00000000 08:07 3671736                    /var/cache/fontconfig/52f7bdb7ce746bfd7eaa1985bd9cfa93-le64.cache-6
7f9c48032000-7f9c48045000 r--s 00000000 08:07 3670239                    /var/cache/fontconfig/d52a8644073d54c13679302ca1180695-le64.cache-6
7f9c48045000-7f9c48046000 r--s 00000000 08:07 3670218                    /var/cache/fontconfig/551ecf3b0e8b0bca0f25c0944f561853-le64.cache-6
7f9c48046000-7f9c4804a000 r--s 00000000 08:07 3670240                    /var/cache/fontconfig/d589a48862398ed80a3d6066f4f56f4c-le64.cache-6
7f9c4804a000-7f9c4804b000 r--s 00000000 08:07 3670213                    /var/cache/fontconfig/30829fa25452a46451e813d634d7f916-le64.cache-6
7f9c4804b000-7f9c4804c000 r--s 00000000 08:07 3670207                    /var/cache/fontconfig/0c9eb80ebd1c36541ebe2852d3bb0c49-le64.cache-6
7f9c4804c000-7f9c4804f000 r--s 00000000 08:07 3670224                    /var/cache/fontconfig/75114ca45c98e8a441da0ff356701271-le64.cache-6
7f9c4804f000-7f9c48061000 r--s 00000000 08:07 3670231                    /var/cache/fontconfig/9b89f8e3dae116d678bbf48e5f21f69b-le64.cache-6
7f9c48061000-7f9c4806e000 r--s 00000000 08:07 3670575                    /var/cache/fontconfig/e13b20fdb08344e0e664864cc2ede53d-le64.cache-6
7f9c4806e000-7f9c48071000 ---p 00000000 00:00 0 
7f9c48071000-7f9c4816f000 rw-p 00000000 00:00 0 
7f9c4816f000-7f9c48172000 ---p 00000000 00:00 0 
7f9c48172000-7f9c48270000 rw-p 00000000 00:00 0 
7f9c48270000-7f9c48273000 ---p 00000000 00:00 0 
7f9c48273000-7f9c48371000 rw-p 00000000 00:00 0 
7f9c48371000-7f9c48374000 ---p 00000000 00:00 0 
7f9c48374000-7f9c48472000 rw-p 00000000 00:00 0 
7f9c48472000-7f9c48475000 ---p 00000000 00:00 0 
7f9c48475000-7f9c48573000 rw-p 00000000 00:00 0 
7f9c48573000-7f9c48576000 ---p 00000000 00:00 0 
7f9c48576000-7f9c48674000 rw-p 00000000 00:00 0 
7f9c48674000-7f9c48675000 ---p 00000000 00:00 0 
7f9c48675000-7f9c4d000000 rw-p 00000000 00:00 0 
7f9c4d000000-7f9c4dfd0000 rwxp 00000000 00:00 0 
7f9c4dfd0000-7f9c5c000000 ---p 00000000 00:00 0 
7f9c5c000000-7f9c5c535000 rw-p 00000000 00:00 0 
7f9c5c535000-7f9c60000000 ---p 00000000 00:00 0 
7f9c60000000-7f9c6000b000 r--s 00000000 08:07 3670227                    /var/cache/fontconfig/83bf95040141907cd45bb53cf7c1c148-le64.cache-6
7f9c6000b000-7f9c6000f000 r--s 00000000 08:07 3670243                    /var/cache/fontconfig/7ef2298fde41cc6eeb7af42e48b7d293-le64.cache-6
7f9c6000f000-7f9c60013000 r--s 00000000 08:07 3281241                    /home/omer/.cache/fontconfig/a2ac3829e72837b7d3d84ab5e2aff7ee-le64.cache-6
7f9c60013000-7f9c6001b000 rw-s 00000000 00:05 324763                     /drm mm object (deleted)
7f9c6001b000-7f9c6001c000 rw-s 100767000 00:06 331                       /dev/dri/card0
7f9c6001d000-7f9c60025000 rw-s 00000000 00:05 324225                     /drm mm object (deleted)
7f9c60025000-7f9c6002d000 r--p 00000000 08:07 3429381                    /home/omer/.config/dconf/user (deleted)
7f9c6002d000-7f9c60074000 r--p 00000000 08:07 1582677                    /usr/share/glib-2.0/schemas/gschemas.compiled
7f9c60074000-7f9c6007c000 rw-s 00000000 00:05 323922                     /drm mm object (deleted)
7f9c6007c000-7f9c6007d000 r--s 00000000 00:2f 33                         /run/user/1000/dconf/user (deleted)
7f9c6007d000-7f9c60085000 rw-s 00000000 00:05 322238                     /drm mm object (deleted)
7f9c60085000-7f9c60098000 r--s 00345000 08:07 1583352                    /usr/lib/jvm/java-8-oracle/jre/lib/resources.jar
7f9c60098000-7f9c600ab000 r--s 000d6000 08:07 1583335                    /usr/lib/jvm/java-8-oracle/jre/lib/plugin.jar
7f9c600ab000-7f9c600b0000 r--s 0009a000 08:07 1583353                    /usr/lib/jvm/java-8-oracle/jre/lib/jsse.jar
7f9c600b0000-7f9c600cb000 r--s 0020b000 08:07 1583311                    /usr/lib/jvm/java-8-oracle/jre/lib/deploy.jar
7f9c600cb000-7f9c604cf000 rw-p 00000000 00:00 0 
7f9c604cf000-7f9c606a8000 r--s 03d5a000 08:07 1583348                    /usr/lib/jvm/java-8-oracle/jre/lib/rt.jar
7f9c606a8000-7f9c612f6000 rw-p 00000000 00:00 0 
7f9c612f6000-7f9c612f7000 ---p 00000000 00:00 0 
7f9c612f7000-7f9c613f7000 rw-p 00000000 00:00 0 
7f9c613f7000-7f9c613f8000 ---p 00000000 00:00 0 
7f9c613f8000-7f9c614f8000 rw-p 00000000 00:00 0 
7f9c614f8000-7f9c614f9000 ---p 00000000 00:00 0 
7f9c614f9000-7f9c615f9000 rw-p 00000000 00:00 0 
7f9c615f9000-7f9c615fa000 ---p 00000000 00:00 0 
7f9c615fa000-7f9c61724000 rw-p 00000000 00:00 0 
7f9c61724000-7f9c6198a000 ---p 00000000 00:00 0 
7f9c6198a000-7f9c619b4000 rw-p 00000000 00:00 0 
7f9c619b4000-7f9c61c1a000 ---p 00000000 00:00 0 
7f9c61c1a000-7f9c61c2f000 rw-p 00000000 00:00 0 
7f9c61c2f000-7f9c61d62000 ---p 00000000 00:00 0 
7f9c61d62000-7f9c61da3000 rw-p 00000000 00:00 0 
7f9c61da3000-7f9c62123000 ---p 00000000 00:00 0 
7f9c62123000-7f9c6213e000 r-xp 00000000 08:07 1583402                    /usr/lib/jvm/java-8-oracle/jre/lib/amd64/libzip.so
7f9c6213e000-7f9c6233e000 ---p 0001b000 08:07 1583402                    /usr/lib/jvm/java-8-oracle/jre/lib/amd64/libzip.so
7f9c6233e000-7f9c6233f000 rw-p 0001b000 08:07 1583402                    /usr/lib/jvm/java-8-oracle/jre/lib/amd64/libzip.so
7f9c6233f000-7f9c6234a000 r-xp 00000000 08:07 529413                     /lib/x86_64-linux-gnu/libnss_files-2.23.so
7f9c6234a000-7f9c62549000 ---p 0000b000 08:07 529413                     /lib/x86_64-linux-gnu/libnss_files-2.23.so
7f9c62549000-7f9c6254a000 r--p 0000a000 08:07 529413                     /lib/x86_64-linux-gnu/libnss_files-2.23.so
7f9c6254a000-7f9c6254b000 rw-p 0000b000 08:07 529413                     /lib/x86_64-linux-gnu/libnss_files-2.23.so
7f9c6254b000-7f9c62551000 rw-p 00000000 00:00 0 
7f9c62551000-7f9c6255c000 r-xp 00000000 08:07 529423                     /lib/x86_64-linux-gnu/libnss_nis-2.23.so
7f9c6255c000-7f9c6275b000 ---p 0000b000 08:07 529423                     /lib/x86_64-linux-gnu/libnss_nis-2.23.so
7f9c6275b000-7f9c6275c000 r--p 0000a000 08:07 529423                     /lib/x86_64-linux-gnu/libnss_nis-2.23.so
7f9c6275c000-7f9c6275d000 rw-p 0000b000 08:07 529423                     /lib/x86_64-linux-gnu/libnss_nis-2.23.so
7f9c6275d000-7f9c62773000 r-xp 00000000 08:07 529407                     /lib/x86_64-linux-gnu/libnsl-2.23.so
7f9c62773000-7f9c62972000 ---p 00016000 08:07 529407                     /lib/x86_64-linux-gnu/libnsl-2.23.so
7f9c62972000-7f9c62973000 r--p 00015000 08:07 529407                     /lib/x86_64-linux-gnu/libnsl-2.23.so
7f9c62973000-7f9c62974000 rw-p 00016000 08:07 529407                     /lib/x86_64-linux-gnu/libnsl-2.23.so
7f9c62974000-7f9c62976000 rw-p 00000000 00:00 0 
7f9c62976000-7f9c6297e000 r-xp 00000000 08:07 529409                     /lib/x86_64-linux-gnu/libnss_compat-2.23.so
7f9c6297e000-7f9c62b7d000 ---p 00008000 08:07 529409                     /lib/x86_64-linux-gnu/libnss_compat-2.23.so
7f9c62b7d000-7f9c62b7e000 r--p 00007000 08:07 529409                     /lib/x86_64-linux-gnu/libnss_compat-2.23.so
7f9c62b7e000-7f9c62b7f000 rw-p 00008000 08:07 529409                     /lib/x86_64-linux-gnu/libnss_compat-2.23.so
7f9c62b7f000-7f9c62b89000 r-xp 00000000 08:07 1583411                    /usr/lib/jvm/java-8-oracle/jre/lib/amd64/libinstrument.so
7f9c62b89000-7f9c62d88000 ---p 0000a000 08:07 1583411                    /usr/lib/jvm/java-8-oracle/jre/lib/amd64/libinstrument.so
7f9c62d88000-7f9c62d89000 rw-p 00009000 08:07 1583411                    /usr/lib/jvm/java-8-oracle/jre/lib/amd64/libinstrument.so
7f9c62d89000-7f9c62db4000 r-xp 00000000 08:07 1583396                    /usr/lib/jvm/java-8-oracle/jre/lib/amd64/libjava.so
7f9c62db4000-7f9c62fb3000 ---p 0002b000 08:07 1583396                    /usr/lib/jvm/java-8-oracle/jre/lib/amd64/libjava.so
7f9c62fb3000-7f9c62fb5000 rw-p 0002a000 08:07 1583396                    /usr/lib/jvm/java-8-oracle/jre/lib/amd64/libjava.so
7f9c62fb5000-7f9c62fc2000 r-xp 00000000 08:07 1583401                    /usr/lib/jvm/java-8-oracle/jre/lib/amd64/libverify.so
7f9c62fc2000-7f9c631c2000 ---p 0000d000 08:07 1583401                    /usr/lib/jvm/java-8-oracle/jre/lib/amd64/libverify.so
7f9c631c2000-7f9c631c4000 rw-p 0000d000 08:07 1583401                    /usr/lib/jvm/java-8-oracle/jre/lib/amd64/libverify.so
7f9c631c4000-7f9c631cb000 r-xp 00000000 08:07 529468                     /lib/x86_64-linux-gnu/librt-2.23.so
7f9c631cb000-7f9c633ca000 ---p 00007000 08:07 529468                     /lib/x86_64-linux-gnu/librt-2.23.so
7f9c633ca000-7f9c633cb000 r--p 00006000 08:07 529468                     /lib/x86_64-linux-gnu/librt-2.23.so
7f9c633cb000-7f9c633cc000 rw-p 00007000 08:07 529468                     /lib/x86_64-linux-gnu/librt-2.23.so
7f9c633cc000-7f9c634d4000 r-xp 00000000 08:07 529384                     /lib/x86_64-linux-gnu/libm-2.23.so
7f9c634d4000-7f9c636d3000 ---p 00108000 08:07 529384                     /lib/x86_64-linux-gnu/libm-2.23.so
7f9c636d3000-7f9c636d4000 r--p 00107000 08:07 529384                     /lib/x86_64-linux-gnu/libm-2.23.so
7f9c636d4000-7f9c636d5000 rw-p 00108000 08:07 529384                     /lib/x86_64-linux-gnu/libm-2.23.so
7f9c636d5000-7f9c643a8000 r-xp 00000000 08:07 1971300                    /usr/lib/jvm/java-8-oracle/jre/lib/amd64/server/libjvm.so
7f9c643a8000-7f9c645a7000 ---p 00cd3000 08:07 1971300                    /usr/lib/jvm/java-8-oracle/jre/lib/amd64/server/libjvm.so
7f9c645a7000-7f9c64681000 rw-p 00cd2000 08:07 1971300                    /usr/lib/jvm/java-8-oracle/jre/lib/amd64/server/libjvm.so
7f9c64681000-7f9c646cc000 rw-p 00000000 00:00 0 
7f9c646cc000-7f9c6488c000 r-xp 00000000 08:07 529314                     /lib/x86_64-linux-gnu/libc-2.23.so
7f9c6488c000-7f9c64a8c000 ---p 001c0000 08:07 529314                     /lib/x86_64-linux-gnu/libc-2.23.so
7f9c64a8c000-7f9c64a90000 r--p 001c0000 08:07 529314                     /lib/x86_64-linux-gnu/libc-2.23.so
7f9c64a90000-7f9c64a92000 rw-p 001c4000 08:07 529314                     /lib/x86_64-linux-gnu/libc-2.23.so
7f9c64a92000-7f9c64a96000 rw-p 00000000 00:00 0 
7f9c64a96000-7f9c64a99000 r-xp 00000000 08:07 529338                     /lib/x86_64-linux-gnu/libdl-2.23.so
7f9c64a99000-7f9c64c98000 ---p 00003000 08:07 529338                     /lib/x86_64-linux-gnu/libdl-2.23.so
7f9c64c98000-7f9c64c99000 r--p 00002000 08:07 529338                     /lib/x86_64-linux-gnu/libdl-2.23.so
7f9c64c99000-7f9c64c9a000 rw-p 00003000 08:07 529338                     /lib/x86_64-linux-gnu/libdl-2.23.so
7f9c64c9a000-7f9c64cb0000 r-xp 00000000 08:07 1195635                    /usr/lib/jvm/java-8-oracle/lib/amd64/jli/libjli.so
7f9c64cb0000-7f9c64eaf000 ---p 00016000 08:07 1195635                    /usr/lib/jvm/java-8-oracle/lib/amd64/jli/libjli.so
7f9c64eaf000-7f9c64eb0000 rw-p 00015000 08:07 1195635                    /usr/lib/jvm/java-8-oracle/lib/amd64/jli/libjli.so
7f9c64eb0000-7f9c64ec8000 r-xp 00000000 08:07 529460                     /lib/x86_64-linux-gnu/libpthread-2.23.so
7f9c64ec8000-7f9c650c7000 ---p 00018000 08:07 529460                     /lib/x86_64-linux-gnu/libpthread-2.23.so
7f9c650c7000-7f9c650c8000 r--p 00017000 08:07 529460                     /lib/x86_64-linux-gnu/libpthread-2.23.so
7f9c650c8000-7f9c650c9000 rw-p 00018000 08:07 529460                     /lib/x86_64-linux-gnu/libpthread-2.23.so
7f9c650c9000-7f9c650cd000 rw-p 00000000 00:00 0 
7f9c650cd000-7f9c650f3000 r-xp 00000000 08:07 529286                     /lib/x86_64-linux-gnu/ld-2.23.so
7f9c650f3000-7f9c650f5000 r--s 0001a000 08:07 3280441                    /home/omer/Downloads/idea-IU-173.4127.27/lib/idea_rt.jar
7f9c650f5000-7f9c650fa000 r--s 00084000 08:07 1583310                    /usr/lib/jvm/java-8-oracle/jre/lib/jfr.jar
7f9c650fa000-7f9c651cb000 rw-p 00000000 00:00 0 
7f9c651cb000-7f9c651ce000 ---p 00000000 00:00 0 
7f9c651ce000-7f9c652d0000 rw-p 00000000 00:00 0 
7f9c652d0000-7f9c652d1000 rw-s 00000000 00:05 322240                     /drm mm object (deleted)
7f9c652d1000-7f9c652d2000 r--s 00000000 08:07 1583317                    /usr/lib/jvm/java-8-oracle/jre/lib/management-agent.jar
7f9c652d2000-7f9c652d4000 r--s 00007000 08:07 1583424                    /usr/lib/jvm/java-8-oracle/jre/lib/jfxswt.jar
7f9c652d4000-7f9c652d7000 r--s 0001a000 08:07 1583422                    /usr/lib/jvm/java-8-oracle/jre/lib/jce.jar
7f9c652d7000-7f9c652e1000 r--s 0006c000 08:07 1583320                    /usr/lib/jvm/java-8-oracle/jre/lib/javaws.jar
7f9c652e1000-7f9c652e6000 r--s 002f9000 08:07 1583346                    /usr/lib/jvm/java-8-oracle/jre/lib/charsets.jar
7f9c652e6000-7f9c652ee000 rw-s 00000000 08:07 1456833                    /tmp/hsperfdata_omer/22983
7f9c652ee000-7f9c652ef000 rw-p 00000000 00:00 0 
7f9c652ef000-7f9c652f0000 r--p 00000000 00:00 0 
7f9c652f0000-7f9c652f2000 rw-p 00000000 00:00 0 
7f9c652f2000-7f9c652f3000 r--p 00025000 08:07 529286                     /lib/x86_64-linux-gnu/ld-2.23.so
7f9c652f3000-7f9c652f4000 rw-p 00026000 08:07 529286                     /lib/x86_64-linux-gnu/ld-2.23.so
7f9c652f4000-7f9c652f5000 rw-p 00000000 00:00 0 
7ffca2ed7000-7ffca2ef8000 rw-p 00000000 00:00 0                          [stack]
7ffca2ef8000-7ffca2efb000 r--p 00000000 00:00 0                          [vvar]
7ffca2efb000-7ffca2efd000 r-xp 00000000 00:00 0                          [vdso]
ffffffffff600000-ffffffffff601000 r-xp 00000000 00:00 0                  [vsyscall]

VM Arguments:
jvm_args: -javaagent:/home/omer/Downloads/idea-IU-173.4127.27/lib/idea_rt.jar=37165:/home/omer/Downloads/idea-IU-173.4127.27/bin -Dfile.encoding=UTF-8 
java_command: reversi.Main
java_class_path (initial): /usr/lib/jvm/java-8-oracle/jre/lib/charsets.jar:/usr/lib/jvm/java-8-oracle/jre/lib/deploy.jar:/usr/lib/jvm/java-8-oracle/jre/lib/ext/cldrdata.jar:/usr/lib/jvm/java-8-oracle/jre/lib/ext/dnsns.jar:/usr/lib/jvm/java-8-oracle/jre/lib/ext/jaccess.jar:/usr/lib/jvm/java-8-oracle/jre/lib/ext/jfxrt.jar:/usr/lib/jvm/java-8-oracle/jre/lib/ext/localedata.jar:/usr/lib/jvm/java-8-oracle/jre/lib/ext/nashorn.jar:/usr/lib/jvm/java-8-oracle/jre/lib/ext/sunec.jar:/usr/lib/jvm/java-8-oracle/jre/lib/ext/sunjce_provider.jar:/usr/lib/jvm/java-8-oracle/jre/lib/ext/sunpkcs11.jar:/usr/lib/jvm/java-8-oracle/jre/lib/ext/zipfs.jar:/usr/lib/jvm/java-8-oracle/jre/lib/javaws.jar:/usr/lib/jvm/java-8-oracle/jre/lib/jce.jar:/usr/lib/jvm/java-8-oracle/jre/lib/jfr.jar:/usr/lib/jvm/java-8-oracle/jre/lib/jfxswt.jar:/usr/lib/jvm/java-8-oracle/jre/lib/jsse.jar:/usr/lib/jvm/java-8-oracle/jre/lib/management-agent.jar:/usr/lib/jvm/java-8-oracle/jre/lib/plugin.jar:/usr/lib/jvm/java-8-oracle/jre/lib/resources.jar:/usr/lib/jvm/java-8-oracle/jre/lib/rt.jar:/home/omer/IdeaProjects/GUIRversi/out/production/GUIRversi:/home/omer/Downloads/idea-IU-173.4127.27/lib/idea_rt.jar
Launcher Type: SUN_STANDARD

Environment Variables:
JAVA_HOME=/usr/lib/jvm/java-8-oracle
JRE_HOME=/usr/lib/jvm/java-8-oracle/jre
PATH=/home/omer/bin:/home/omer/.local/bin:/usr/local/sbin:/usr/local/bin:/usr/sbin:/usr/bin:/sbin:/bin:/usr/games:/usr/local/games:/snap/bin:/usr/lib/jvm/java-8-oracle/bin:/usr/lib/jvm/java-8-oracle/db/bin:/usr/lib/jvm/java-8-oracle/jre/bin
SHELL=/bin/bash
DISPLAY=:0

Signal Handlers:
SIGSEGV: [libjvm.so+0xacbe10], sa_mask[0]=11111111011111111101111111111110, sa_flags=SA_RESTART|SA_SIGINFO
SIGBUS: [libjvm.so+0xacbe10], sa_mask[0]=11111111011111111101111111111110, sa_flags=SA_RESTART|SA_SIGINFO
SIGFPE: [libjvm.so+0x924f90], sa_mask[0]=11111111011111111101111111111110, sa_flags=SA_RESTART|SA_SIGINFO
SIGPIPE: SIG_IGN, sa_mask[0]=00000000000010000000000000000000, sa_flags=SA_RESTART
SIGXFSZ: [libjvm.so+0x924f90], sa_mask[0]=11111111011111111101111111111110, sa_flags=SA_RESTART|SA_SIGINFO
SIGILL: [libjvm.so+0x924f90], sa_mask[0]=11111111011111111101111111111110, sa_flags=SA_RESTART|SA_SIGINFO
SIGUSR1: SIG_DFL, sa_mask[0]=00000000000000000000000000000000, sa_flags=none
SIGUSR2: [libjvm.so+0x9267d0], sa_mask[0]=00100000000000000000000000000000, sa_flags=SA_RESTART|SA_SIGINFO
SIGHUP: [libjvm.so+0x927bd0], sa_mask[0]=11111111011111111101111111111110, sa_flags=SA_RESTART|SA_SIGINFO
SIGINT: [libjvm.so+0x927bd0], sa_mask[0]=11111111011111111101111111111110, sa_flags=SA_RESTART|SA_SIGINFO
SIGTERM: [libjvm.so+0x927bd0], sa_mask[0]=11111111011111111101111111111110, sa_flags=SA_RESTART|SA_SIGINFO
SIGQUIT: [libjvm.so+0x927bd0], sa_mask[0]=11111111011111111101111111111110, sa_flags=SA_RESTART|SA_SIGINFO


---------------  S Y S T E M  ---------------

OS:DISTRIB_ID=Ubuntu
DISTRIB_RELEASE=16.04
DISTRIB_CODENAME=xenial
DISTRIB_DESCRIPTION="Ubuntu 16.04.3 LTS"

uname:Linux 4.13.0-26-generic #29~16.04.2-Ubuntu SMP Tue Jan 9 22:00:44 UTC 2018 x86_64
libc:glibc 2.23 NPTL 2.23 
rlimit: STACK 8192k, CORE 0k, NPROC 30895, NOFILE 1048576, AS infinity
load average:0.85 1.36 1.36

/proc/meminfo:
MemTotal:        8054708 kB
MemFree:         1944404 kB
MemAvailable:    4183876 kB
Buffers:          165336 kB
Cached:          2660856 kB
SwapCached:            0 kB
Active:          4250820 kB
Inactive:        1532348 kB
Active(anon):    2958624 kB
Inactive(anon):   432628 kB
Active(file):    1292196 kB
Inactive(file):  1099720 kB
Unevictable:         272 kB
Mlocked:             272 kB
SwapTotal:       8276988 kB
SwapFree:        8276988 kB
Dirty:               264 kB
Writeback:             0 kB
AnonPages:       2957268 kB
Mapped:           484268 kB
Shmem:            434280 kB
Slab:             188636 kB
SReclaimable:     140164 kB
SUnreclaim:        48472 kB
KernelStack:       11632 kB
PageTables:        51668 kB
NFS_Unstable:          0 kB
Bounce:                0 kB
WritebackTmp:          0 kB
CommitLimit:    12304340 kB
Committed_AS:    9449392 kB
VmallocTotal:   34359738367 kB
VmallocUsed:           0 kB
VmallocChunk:          0 kB
HardwareCorrupted:     0 kB
AnonHugePages:         0 kB
ShmemHugePages:        0 kB
ShmemPmdMapped:        0 kB
CmaTotal:              0 kB
CmaFree:               0 kB
HugePages_Total:       0
HugePages_Free:        0
HugePages_Rsvd:        0
HugePages_Surp:        0
Hugepagesize:       2048 kB
DirectMap4k:      204288 kB
DirectMap2M:     8073216 kB
DirectMap1G:     1048576 kB


CPU:total 4 (initial active 4) (2 cores per cpu, 2 threads per core) family 6 model 61 stepping 4, cmov, cx8, fxsr, mmx, sse, sse2, sse3, ssse3, sse4.1, sse4.2, popcnt, avx, avx2, aes, clmul, erms, 3dnowpref, lzcnt, ht, tsc, tscinvbit, bmi1, bmi2, adx

/proc/cpuinfo:
processor	: 0
vendor_id	: GenuineIntel
cpu family	: 6
model		: 61
model name	: Intel(R) Core(TM) i5-5200U CPU @ 2.20GHz
stepping	: 4
microcode	: 0x28
cpu MHz		: 2194.950
cache size	: 3072 KB
physical id	: 0
siblings	: 4
core id		: 0
cpu cores	: 2
apicid		: 0
initial apicid	: 0
fpu		: yes
fpu_exception	: yes
cpuid level	: 20
wp		: yes
flags		: fpu vme de pse tsc msr pae mce cx8 apic sep mtrr pge mca cmov pat pse36 clflush dts acpi mmx fxsr sse sse2 ss ht tm pbe syscall nx pdpe1gb rdtscp lm constant_tsc arch_perfmon pebs bts rep_good nopl xtopology nonstop_tsc cpuid aperfmperf pni pclmulqdq dtes64 monitor ds_cpl vmx est tm2 ssse3 sdbg fma cx16 xtpr pdcm pcid sse4_1 sse4_2 x2apic movbe popcnt tsc_deadline_timer aes xsave avx f16c rdrand lahf_lm abm 3dnowprefetch cpuid_fault epb invpcid_single pti intel_pt tpr_shadow vnmi flexpriority ept vpid fsgsbase tsc_adjust bmi1 avx2 smep bmi2 erms invpcid rdseed adx smap xsaveopt dtherm ida arat pln pts
bugs		: cpu_insecure
bogomips	: 4389.90
clflush size	: 64
cache_alignment	: 64
address sizes	: 39 bits physical, 48 bits virtual
power management:

processor	: 1
vendor_id	: GenuineIntel
cpu family	: 6
model		: 61
model name	: Intel(R) Core(TM) i5-5200U CPU @ 2.20GHz
stepping	: 4
microcode	: 0x28
cpu MHz		: 2194.950
cache size	: 3072 KB
physical id	: 0
siblings	: 4
core id		: 0
cpu cores	: 2
apicid		: 1
initial apicid	: 1
fpu		: yes
fpu_exception	: yes
cpuid level	: 20
wp		: yes
flags		: fpu vme de pse tsc msr pae mce cx8 apic sep mtrr pge mca cmov pat pse36 clflush dts acpi mmx fxsr sse sse2 ss ht tm pbe syscall nx pdpe1gb rdtscp lm constant_tsc arch_perfmon pebs bts rep_good nopl xtopology nonstop_tsc cpuid aperfmperf pni pclmulqdq dtes64 monitor ds_cpl vmx est tm2 ssse3 sdbg fma cx16 xtpr pdcm pcid sse4_1 sse4_2 x2apic movbe popcnt tsc_deadline_timer aes xsave avx f16c rdrand lahf_lm abm 3dnowprefetch cpuid_fault epb invpcid_single pti intel_pt tpr_shadow vnmi flexpriority ept vpid fsgsbase tsc_adjust bmi1 avx2 smep bmi2 erms invpcid rdseed adx smap xsaveopt dtherm ida arat pln pts
bugs		: cpu_insecure
bogomips	: 4389.90
clflush size	: 64
cache_alignment	: 64
address sizes	: 39 bits physical, 48 bits virtual
power management:

processor	: 2
vendor_id	: GenuineIntel
cpu family	: 6
model		: 61
model name	: Intel(R) Core(TM) i5-5200U CPU @ 2.20GHz
stepping	: 4
microcode	: 0x28
cpu MHz		: 2194.950
cache size	: 3072 KB
physical id	: 0
siblings	: 4
core id		: 1
cpu cores	: 2
apicid		: 2
initial apicid	: 2
fpu		: yes
fpu_exception	: yes
cpuid level	: 20
wp		: yes
flags		: fpu vme de pse tsc msr pae mce cx8 apic sep mtrr pge mca cmov pat pse36 clflush dts acpi mmx fxsr sse sse2 ss ht tm pbe syscall nx pdpe1gb rdtscp lm constant_tsc arch_perfmon pebs bts rep_good nopl xtopology nonstop_tsc cpuid aperfmperf pni pclmulqdq dtes64 monitor ds_cpl vmx est tm2 ssse3 sdbg fma cx16 xtpr pdcm pcid sse4_1 sse4_2 x2apic movbe popcnt tsc_deadline_timer aes xsave avx f16c rdrand lahf_lm abm 3dnowprefetch cpuid_fault epb invpcid_single pti intel_pt tpr_shadow vnmi flexpriority ept vpid fsgsbase tsc_adjust bmi1 avx2 smep bmi2 erms invpcid rdseed adx smap xsaveopt dtherm ida arat pln pts
bugs		: cpu_insecure
bogomips	: 4389.90
clflush size	: 64
cache_alignment	: 64
address sizes	: 39 bits physical, 48 bits virtual
power management:

processor	: 3
vendor_id	: GenuineIntel
cpu family	: 6
model		: 61
model name	: Intel(R) Core(TM) i5-5200U CPU @ 2.20GHz
stepping	: 4
microcode	: 0x28
cpu MHz		: 2194.950
cache size	: 3072 KB
physical id	: 0
siblings	: 4
core id		: 1
cpu cores	: 2
apicid		: 3
initial apicid	: 3
fpu		: yes
fpu_exception	: yes
cpuid level	: 20
wp		: yes
flags		: fpu vme de pse tsc msr pae mce cx8 apic sep mtrr pge mca cmov pat pse36 clflush dts acpi mmx fxsr sse sse2 ss ht tm pbe syscall nx pdpe1gb rdtscp lm constant_tsc arch_perfmon pebs bts rep_good nopl xtopology nonstop_tsc cpuid aperfmperf pni pclmulqdq dtes64 monitor ds_cpl vmx est tm2 ssse3 sdbg fma cx16 xtpr pdcm pcid sse4_1 sse4_2 x2apic movbe popcnt tsc_deadline_timer aes xsave avx f16c rdrand lahf_lm abm 3dnowprefetch cpuid_fault epb invpcid_single pti intel_pt tpr_shadow vnmi flexpriority ept vpid fsgsbase tsc_adjust bmi1 avx2 smep bmi2 erms invpcid rdseed adx smap xsaveopt dtherm ida arat pln pts
bugs		: cpu_insecure
bogomips	: 4389.90
clflush size	: 64
cache_alignment	: 64
address sizes	: 39 bits physical, 48 bits virtual
power management:



Memory: 4k page, physical 8054708k(1944404k free), swap 8276988k(8276988k free)

vm_info: Java HotSpot(TM) 64-Bit Server VM (25.151-b12) for linux-amd64 JRE (1.8.0_151-b12), built on Sep  5 2017 19:20:58 by "java_re" with gcc 4.3.0 20080428 (Red Hat 4.3.0-8)

time: Tue Jan 16 21:17:16 2018
elapsed time: 56 seconds (0d 0h 0m 56s)

